{"meta": {"format": 3, "version": "7.10.1", "timestamp": "2025-08-26T15:17:58.351021", "branch_coverage": false, "show_contexts": false}, "files": {"amalfi/__init__.py": {"executed_lines": [3, 13, 20, 21], "summary": {"covered_lines": 3, "num_statements": 3, "percent_covered": 100.0, "percent_covered_display": "100", "missing_lines": 0, "excluded_lines": 0}, "missing_lines": [], "excluded_lines": [], "functions": {"": {"executed_lines": [3, 13, 20, 21], "summary": {"covered_lines": 3, "num_statements": 3, "percent_covered": 100.0, "percent_covered_display": "100", "missing_lines": 0, "excluded_lines": 0}, "missing_lines": [], "excluded_lines": []}}, "classes": {"": {"executed_lines": [3, 13, 20, 21], "summary": {"covered_lines": 3, "num_statements": 3, "percent_covered": 100.0, "percent_covered_display": "100", "missing_lines": 0, "excluded_lines": 0}, "missing_lines": [], "excluded_lines": []}}}, "amalfi/engine.py": {"executed_lines": [2, 4, 5, 7, 16, 17, 22, 23, 26, 27, 28, 29, 32, 33, 35, 42, 64, 86, 157, 208, 245, 278, 290, 309, 324, 342, 348, 387, 429, 497, 527, 532, 544], "summary": {"covered_lines": 32, "num_statements": 233, "percent_covered": 13.733905579399142, "percent_covered_display": "14", "missing_lines": 201, "excluded_lines": 0}, "missing_lines": [36, 37, 48, 49, 51, 54, 55, 58, 59, 65, 66, 67, 70, 71, 72, 74, 78, 79, 80, 84, 89, 90, 93, 98, 100, 106, 108, 111, 117, 120, 121, 122, 127, 137, 138, 141, 142, 149, 151, 152, 159, 162, 171, 172, 178, 182, 183, 186, 187, 188, 189, 190, 191, 194, 197, 201, 205, 206, 214, 215, 217, 218, 219, 221, 225, 226, 234, 235, 236, 239, 240, 241, 243, 252, 253, 254, 256, 257, 259, 260, 261, 263, 267, 270, 273, 274, 276, 281, 282, 283, 284, 286, 287, 288, 297, 301, 303, 304, 307, 312, 313, 322, 325, 330, 340, 343, 344, 345, 346, 351, 352, 354, 360, 363, 364, 365, 367, 369, 371, 372, 373, 374, 376, 377, 380, 381, 382, 384, 385, 393, 399, 402, 404, 405, 406, 409, 410, 411, 412, 413, 416, 421, 423, 424, 430, 432, 437, 438, 441, 444, 453, 454, 460, 464, 465, 466, 468, 469, 470, 471, 472, 473, 481, 484, 485, 486, 487, 488, 489, 491, 495, 498, 499, 500, 501, 503, 504, 505, 506, 514, 515, 516, 518, 521, 528, 529, 535, 545, 547, 548, 550, 551, 555, 557, 558, 562, 563, 564, 565, 569, 571], "excluded_lines": [], "functions": {"AmalfiEngine.__init__": {"executed_lines": [], "summary": {"covered_lines": 0, "num_statements": 2, "percent_covered": 0.0, "percent_covered_display": "0", "missing_lines": 2, "excluded_lines": 0}, "missing_lines": [36, 37], "excluded_lines": []}, "AmalfiEngine.create_round_matches": {"executed_lines": [], "summary": {"covered_lines": 0, "num_statements": 7, "percent_covered": 0.0, "percent_covered_display": "0", "missing_lines": 7, "excluded_lines": 0}, "missing_lines": [48, 49, 51, 54, 55, 58, 59], "excluded_lines": []}, "AmalfiEngine._create_first_round": {"executed_lines": [], "summary": {"covered_lines": 0, "num_statements": 11, "percent_covered": 0.0, "percent_covered_display": "0", "missing_lines": 11, "excluded_lines": 0}, "missing_lines": [65, 66, 67, 70, 71, 72, 74, 78, 79, 80, 84], "excluded_lines": []}, "AmalfiEngine._create_first_round_matches": {"executed_lines": [], "summary": {"covered_lines": 0, "num_statements": 20, "percent_covered": 0.0, "percent_covered_display": "0", "missing_lines": 20, "excluded_lines": 0}, "missing_lines": [89, 90, 93, 98, 100, 106, 108, 111, 117, 120, 121, 122, 127, 137, 138, 141, 142, 149, 151, 152], "excluded_lines": []}, "AmalfiEngine._create_amalfi_round": {"executed_lines": [], "summary": {"covered_lines": 0, "num_statements": 18, "percent_covered": 0.0, "percent_covered_display": "0", "missing_lines": 18, "excluded_lines": 0}, "missing_lines": [159, 162, 171, 172, 178, 182, 183, 186, 187, 188, 189, 190, 191, 194, 197, 201, 205, 206], "excluded_lines": []}, "AmalfiEngine._apply_amalfi_algorithm": {"executed_lines": [], "summary": {"covered_lines": 0, "num_statements": 15, "percent_covered": 0.0, "percent_covered_display": "0", "missing_lines": 15, "excluded_lines": 0}, "missing_lines": [214, 215, 217, 218, 219, 221, 225, 226, 234, 235, 236, 239, 240, 241, 243], "excluded_lines": []}, "AmalfiEngine._find_amalfi_target": {"executed_lines": [], "summary": {"covered_lines": 0, "num_statements": 14, "percent_covered": 0.0, "percent_covered_display": "0", "missing_lines": 14, "excluded_lines": 0}, "missing_lines": [252, 253, 254, 256, 257, 259, 260, 261, 263, 267, 270, 273, 274, 276], "excluded_lines": []}, "AmalfiEngine._is_valid_pairing": {"executed_lines": [], "summary": {"covered_lines": 0, "num_statements": 7, "percent_covered": 0.0, "percent_covered_display": "0", "missing_lines": 7, "excluded_lines": 0}, "missing_lines": [281, 282, 283, 284, 286, 287, 288], "excluded_lines": []}, "AmalfiEngine._handle_unmatched_player": {"executed_lines": [], "summary": {"covered_lines": 0, "num_statements": 5, "percent_covered": 0.0, "percent_covered_display": "0", "missing_lines": 5, "excluded_lines": 0}, "missing_lines": [297, 301, 303, 304, 307], "excluded_lines": []}, "AmalfiEngine._convert_to_trio": {"executed_lines": [], "summary": {"covered_lines": 0, "num_statements": 3, "percent_covered": 0.0, "percent_covered_display": "0", "missing_lines": 3, "excluded_lines": 0}, "missing_lines": [312, 313, 322], "excluded_lines": []}, "AmalfiEngine._create_bye_match": {"executed_lines": [], "summary": {"covered_lines": 0, "num_statements": 3, "percent_covered": 0.0, "percent_covered_display": "0", "missing_lines": 3, "excluded_lines": 0}, "missing_lines": [325, 330, 340], "excluded_lines": []}, "AmalfiEngine._inscriptions_for_pairing": {"executed_lines": [], "summary": {"covered_lines": 0, "num_statements": 4, "percent_covered": 0.0, "percent_covered_display": "0", "missing_lines": 4, "excluded_lines": 0}, "missing_lines": [343, 344, 345, 346], "excluded_lines": []}, "AmalfiEngine._finalize_forfeit_matches": {"executed_lines": [], "summary": {"covered_lines": 0, "num_statements": 20, "percent_covered": 0.0, "percent_covered_display": "0", "missing_lines": 20, "excluded_lines": 0}, "missing_lines": [351, 352, 354, 360, 363, 364, 365, 367, 369, 371, 372, 373, 374, 376, 377, 380, 381, 382, 384, 385], "excluded_lines": []}, "AmalfiEngine._cleanup_cancelled_matches": {"executed_lines": [], "summary": {"covered_lines": 0, "num_statements": 15, "percent_covered": 0.0, "percent_covered_display": "0", "missing_lines": 15, "excluded_lines": 0}, "missing_lines": [393, 399, 402, 404, 405, 406, 409, 410, 411, 412, 413, 416, 421, 423, 424], "excluded_lines": []}, "AmalfiEngine.preview_next_round_matches": {"executed_lines": [], "summary": {"covered_lines": 0, "num_statements": 27, "percent_covered": 0.0, "percent_covered_display": "0", "missing_lines": 27, "excluded_lines": 0}, "missing_lines": [430, 432, 437, 438, 441, 444, 453, 454, 460, 464, 465, 466, 468, 469, 470, 471, 472, 473, 481, 484, 485, 486, 487, 488, 489, 491, 495], "excluded_lines": []}, "AmalfiEngine._preview_first_round": {"executed_lines": [], "summary": {"covered_lines": 0, "num_statements": 13, "percent_covered": 0.0, "percent_covered_display": "0", "missing_lines": 13, "excluded_lines": 0}, "missing_lines": [498, 499, 500, 501, 503, 504, 505, 506, 514, 515, 516, 518, 521], "excluded_lines": []}, "create_amalfi_round_matches": {"executed_lines": [], "summary": {"covered_lines": 0, "num_statements": 2, "percent_covered": 0.0, "percent_covered_display": "0", "missing_lines": 2, "excluded_lines": 0}, "missing_lines": [528, 529], "excluded_lines": []}, "get_amalfi_classification": {"executed_lines": [], "summary": {"covered_lines": 0, "num_statements": 1, "percent_covered": 0.0, "percent_covered_display": "0", "missing_lines": 1, "excluded_lines": 0}, "missing_lines": [535], "excluded_lines": []}, "validate_amalfi_configuration": {"executed_lines": [], "summary": {"covered_lines": 0, "num_statements": 14, "percent_covered": 0.0, "percent_covered_display": "0", "missing_lines": 14, "excluded_lines": 0}, "missing_lines": [545, 547, 548, 550, 551, 555, 557, 558, 562, 563, 564, 565, 569, 571], "excluded_lines": []}, "": {"executed_lines": [2, 4, 5, 7, 16, 17, 22, 23, 26, 27, 28, 29, 32, 33, 35, 42, 64, 86, 157, 208, 245, 278, 290, 309, 324, 342, 348, 387, 429, 497, 527, 532, 544], "summary": {"covered_lines": 32, "num_statements": 32, "percent_covered": 100.0, "percent_covered_display": "100", "missing_lines": 0, "excluded_lines": 0}, "missing_lines": [], "excluded_lines": []}}, "classes": {"ValidationResult": {"executed_lines": [], "summary": {"covered_lines": 0, "num_statements": 0, "percent_covered": 100.0, "percent_covered_display": "100", "missing_lines": 0, "excluded_lines": 0}, "missing_lines": [], "excluded_lines": []}, "AmalfiEngine": {"executed_lines": [], "summary": {"covered_lines": 0, "num_statements": 184, "percent_covered": 0.0, "percent_covered_display": "0", "missing_lines": 184, "excluded_lines": 0}, "missing_lines": [36, 37, 48, 49, 51, 54, 55, 58, 59, 65, 66, 67, 70, 71, 72, 74, 78, 79, 80, 84, 89, 90, 93, 98, 100, 106, 108, 111, 117, 120, 121, 122, 127, 137, 138, 141, 142, 149, 151, 152, 159, 162, 171, 172, 178, 182, 183, 186, 187, 188, 189, 190, 191, 194, 197, 201, 205, 206, 214, 215, 217, 218, 219, 221, 225, 226, 234, 235, 236, 239, 240, 241, 243, 252, 253, 254, 256, 257, 259, 260, 261, 263, 267, 270, 273, 274, 276, 281, 282, 283, 284, 286, 287, 288, 297, 301, 303, 304, 307, 312, 313, 322, 325, 330, 340, 343, 344, 345, 346, 351, 352, 354, 360, 363, 364, 365, 367, 369, 371, 372, 373, 374, 376, 377, 380, 381, 382, 384, 385, 393, 399, 402, 404, 405, 406, 409, 410, 411, 412, 413, 416, 421, 423, 424, 430, 432, 437, 438, 441, 444, 453, 454, 460, 464, 465, 466, 468, 469, 470, 471, 472, 473, 481, 484, 485, 486, 487, 488, 489, 491, 495, 498, 499, 500, 501, 503, 504, 505, 506, 514, 515, 516, 518, 521], "excluded_lines": []}, "": {"executed_lines": [2, 4, 5, 7, 16, 17, 22, 23, 26, 27, 28, 29, 32, 33, 35, 42, 64, 86, 157, 208, 245, 278, 290, 309, 324, 342, 348, 387, 429, 497, 527, 532, 544], "summary": {"covered_lines": 32, "num_statements": 49, "percent_covered": 65.3061224489796, "percent_covered_display": "65", "missing_lines": 17, "excluded_lines": 0}, "missing_lines": [528, 529, 535, 545, 547, 548, 550, 551, 555, 557, 558, 562, 563, 564, 565, 569, 571], "excluded_lines": []}}}, "app.py": {"executed_lines": [2, 3, 4, 7, 8, 9, 10, 12, 14, 15, 18, 22, 26, 27, 30, 32, 35, 36, 37, 39, 40, 41, 44, 45, 47, 48, 49, 66, 69, 70, 72, 84, 87, 89, 92, 97, 101], "summary": {"covered_lines": 37, "num_statements": 44, "percent_covered": 84.0909090909091, "percent_covered_display": "84", "missing_lines": 7, "excluded_lines": 0}, "missing_lines": [23, 93, 94, 95, 102, 103, 104], "excluded_lines": [], "functions": {"create_app": {"executed_lines": [22, 26, 27, 30, 32, 35, 36, 37, 39, 40, 44, 45, 69, 70, 84, 87, 89, 92, 97], "summary": {"covered_lines": 19, "num_statements": 23, "percent_covered": 82.6086956521739, "percent_covered_display": "83", "missing_lines": 4, "excluded_lines": 0}, "missing_lines": [23, 93, 94, 95], "excluded_lines": []}, "create_app.load_user": {"executed_lines": [41], "summary": {"covered_lines": 1, "num_statements": 1, "percent_covered": 100.0, "percent_covered_display": "100", "missing_lines": 0, "excluded_lines": 0}, "missing_lines": [], "excluded_lines": []}, "create_app.inject_debug": {"executed_lines": [47, 48, 49, 66], "summary": {"covered_lines": 4, "num_statements": 4, "percent_covered": 100.0, "percent_covered_display": "100", "missing_lines": 0, "excluded_lines": 0}, "missing_lines": [], "excluded_lines": []}, "create_app.inject_permissions": {"executed_lines": [72], "summary": {"covered_lines": 1, "num_statements": 1, "percent_covered": 100.0, "percent_covered_display": "100", "missing_lines": 0, "excluded_lines": 0}, "missing_lines": [], "excluded_lines": []}, "": {"executed_lines": [2, 3, 4, 7, 8, 9, 10, 12, 14, 15, 18, 101], "summary": {"covered_lines": 12, "num_statements": 15, "percent_covered": 80.0, "percent_covered_display": "80", "missing_lines": 3, "excluded_lines": 0}, "missing_lines": [102, 103, 104], "excluded_lines": []}}, "classes": {"": {"executed_lines": [2, 3, 4, 7, 8, 9, 10, 12, 14, 15, 18, 22, 26, 27, 30, 32, 35, 36, 37, 39, 40, 41, 44, 45, 47, 48, 49, 66, 69, 70, 72, 84, 87, 89, 92, 97, 101], "summary": {"covered_lines": 37, "num_statements": 44, "percent_covered": 84.0909090909091, "percent_covered_display": "84", "missing_lines": 7, "excluded_lines": 0}, "missing_lines": [23, 93, 94, 95, 102, 103, 104], "excluded_lines": []}}}, "config.py": {"executed_lines": [2, 5, 6, 8, 11, 14, 17, 20, 21, 22, 23, 26, 27, 30, 31, 33, 34, 37, 38, 40, 41, 42, 43, 46, 47, 49, 50, 51, 52, 53, 54, 55, 59], "summary": {"covered_lines": 29, "num_statements": 29, "percent_covered": 100.0, "percent_covered_display": "100", "missing_lines": 0, "excluded_lines": 0}, "missing_lines": [], "excluded_lines": [], "functions": {"": {"executed_lines": [2, 5, 6, 8, 11, 14, 17, 20, 21, 22, 23, 26, 27, 30, 31, 33, 34, 37, 38, 40, 41, 42, 43, 46, 47, 49, 50, 51, 52, 53, 54, 55, 59], "summary": {"covered_lines": 29, "num_statements": 29, "percent_covered": 100.0, "percent_covered_display": "100", "missing_lines": 0, "excluded_lines": 0}, "missing_lines": [], "excluded_lines": []}}, "classes": {"Config": {"executed_lines": [], "summary": {"covered_lines": 0, "num_statements": 0, "percent_covered": 100.0, "percent_covered_display": "100", "missing_lines": 0, "excluded_lines": 0}, "missing_lines": [], "excluded_lines": []}, "DevelopmentConfig": {"executed_lines": [], "summary": {"covered_lines": 0, "num_statements": 0, "percent_covered": 100.0, "percent_covered_display": "100", "missing_lines": 0, "excluded_lines": 0}, "missing_lines": [], "excluded_lines": []}, "ProductionConfig": {"executed_lines": [], "summary": {"covered_lines": 0, "num_statements": 0, "percent_covered": 100.0, "percent_covered_display": "100", "missing_lines": 0, "excluded_lines": 0}, "missing_lines": [], "excluded_lines": []}, "TestingConfig": {"executed_lines": [], "summary": {"covered_lines": 0, "num_statements": 0, "percent_covered": 100.0, "percent_covered_display": "100", "missing_lines": 0, "excluded_lines": 0}, "missing_lines": [], "excluded_lines": []}, "": {"executed_lines": [2, 5, 6, 8, 11, 14, 17, 20, 21, 22, 23, 26, 27, 30, 31, 33, 34, 37, 38, 40, 41, 42, 43, 46, 47, 49, 50, 51, 52, 53, 54, 55, 59], "summary": {"covered_lines": 29, "num_statements": 29, "percent_covered": 100.0, "percent_covered_display": "100", "missing_lines": 0, "excluded_lines": 0}, "missing_lines": [], "excluded_lines": []}}}, "export_repo.py": {"executed_lines": [], "summary": {"covered_lines": 0, "num_statements": 292, "percent_covered": 0.0, "percent_covered_display": "0", "missing_lines": 292, "excluded_lines": 0}, "missing_lines": [1, 27, 28, 29, 30, 31, 32, 33, 34, 35, 37, 40, 46, 47, 48, 49, 50, 51, 52, 55, 63, 64, 65, 66, 67, 68, 69, 70, 71, 72, 73, 74, 75, 76, 77, 78, 79, 80, 87, 96, 97, 98, 99, 100, 101, 102, 105, 114, 115, 116, 117, 118, 120, 121, 122, 123, 124, 125, 126, 127, 129, 130, 131, 132, 133, 134, 135, 136, 144, 150, 167, 185, 186, 188, 214, 215, 216, 217, 218, 219, 220, 221, 222, 223, 224, 225, 226, 227, 230, 232, 233, 235, 236, 237, 238, 239, 240, 241, 244, 245, 246, 252, 253, 255, 256, 257, 258, 259, 260, 261, 262, 263, 264, 267, 268, 269, 279, 282, 283, 284, 285, 286, 287, 288, 289, 290, 291, 292, 293, 294, 295, 296, 297, 298, 299, 305, 307, 308, 309, 310, 313, 327, 329, 330, 333, 334, 335, 338, 339, 340, 341, 342, 343, 346, 347, 352, 355, 356, 359, 370, 372, 374, 375, 376, 378, 384, 385, 386, 388, 390, 399, 400, 401, 402, 405, 406, 407, 408, 418, 419, 420, 421, 423, 424, 425, 426, 427, 428, 429, 430, 431, 432, 434, 435, 436, 438, 439, 440, 441, 442, 443, 444, 445, 446, 447, 449, 450, 451, 457, 458, 459, 460, 461, 462, 463, 464, 465, 468, 469, 470, 472, 473, 474, 475, 476, 477, 478, 479, 480, 481, 482, 483, 484, 485, 486, 487, 488, 489, 490, 496, 498, 499, 500, 501, 503, 504, 507, 508, 509, 511, 512, 513, 514, 524, 527, 528, 529, 530, 531, 534, 535, 536, 538, 539, 540, 541, 543, 544, 547, 548, 549, 550, 552, 553, 554, 557, 558, 559, 560, 562, 563, 564, 567, 568, 569, 571, 572, 573, 574, 575, 578, 579], "excluded_lines": [], "functions": {"_load_gitignore_patterns": {"executed_lines": [], "summary": {"covered_lines": 0, "num_statements": 6, "percent_covered": 0.0, "percent_covered_display": "0", "missing_lines": 6, "excluded_lines": 0}, "missing_lines": [47, 48, 49, 50, 51, 52], "excluded_lines": []}, "_should_ignore": {"executed_lines": [], "summary": {"covered_lines": 0, "num_statements": 18, "percent_covered": 0.0, "percent_covered_display": "0", "missing_lines": 18, "excluded_lines": 0}, "missing_lines": [63, 64, 65, 66, 67, 68, 69, 70, 71, 72, 73, 74, 75, 76, 77, 78, 79, 80], "excluded_lines": []}, "_directory_has_source": {"executed_lines": [], "summary": {"covered_lines": 0, "num_statements": 7, "percent_covered": 0.0, "percent_covered_display": "0", "missing_lines": 7, "excluded_lines": 0}, "missing_lines": [96, 97, 98, 99, 100, 101, 102], "excluded_lines": []}, "_get_directory_tree": {"executed_lines": [], "summary": {"covered_lines": 0, "num_statements": 15, "percent_covered": 0.0, "percent_covered_display": "0", "missing_lines": 15, "excluded_lines": 0}, "missing_lines": [114, 115, 116, 117, 118, 120, 129, 130, 131, 132, 133, 134, 135, 136, 144], "excluded_lines": []}, "_get_directory_tree._include": {"executed_lines": [], "summary": {"covered_lines": 0, "num_statements": 7, "percent_covered": 0.0, "percent_covered_display": "0", "missing_lines": 7, "excluded_lines": 0}, "missing_lines": [121, 122, 123, 124, 125, 126, 127], "excluded_lines": []}, "_lang_for": {"executed_lines": [], "summary": {"covered_lines": 0, "num_statements": 1, "percent_covered": 0.0, "percent_covered_display": "0", "missing_lines": 1, "excluded_lines": 0}, "missing_lines": [186], "excluded_lines": []}, "_file_priority": {"executed_lines": [], "summary": {"covered_lines": 0, "num_statements": 13, "percent_covered": 0.0, "percent_covered_display": "0", "missing_lines": 13, "excluded_lines": 0}, "missing_lines": [215, 216, 217, 218, 219, 220, 221, 222, 223, 224, 225, 226, 227], "excluded_lines": []}, "export_repository_md": {"executed_lines": [], "summary": {"covered_lines": 0, "num_statements": 46, "percent_covered": 0.0, "percent_covered_display": "0", "missing_lines": 46, "excluded_lines": 0}, "missing_lines": [232, 233, 235, 236, 237, 238, 239, 240, 241, 244, 245, 246, 252, 253, 255, 256, 257, 258, 259, 260, 261, 262, 263, 264, 267, 268, 269, 279, 282, 283, 284, 285, 286, 287, 288, 289, 290, 291, 292, 293, 294, 295, 296, 297, 298, 299], "excluded_lines": []}, "_flat_name": {"executed_lines": [], "summary": {"covered_lines": 0, "num_statements": 4, "percent_covered": 0.0, "percent_covered_display": "0", "missing_lines": 4, "excluded_lines": 0}, "missing_lines": [307, 308, 309, 310], "excluded_lines": []}, "_collect_directories": {"executed_lines": [], "summary": {"covered_lines": 0, "num_statements": 17, "percent_covered": 0.0, "percent_covered_display": "0", "missing_lines": 17, "excluded_lines": 0}, "missing_lines": [327, 329, 330, 333, 334, 335, 338, 339, 340, 341, 342, 343, 346, 347, 352, 355, 356], "excluded_lines": []}, "_source_files_in_dir": {"executed_lines": [], "summary": {"covered_lines": 0, "num_statements": 6, "percent_covered": 0.0, "percent_covered_display": "0", "missing_lines": 6, "excluded_lines": 0}, "missing_lines": [370, 372, 374, 375, 376, 378], "excluded_lines": []}, "export_repository_split_source": {"executed_lines": [], "summary": {"covered_lines": 0, "num_statements": 42, "percent_covered": 0.0, "percent_covered_display": "0", "missing_lines": 42, "excluded_lines": 0}, "missing_lines": [385, 386, 388, 390, 399, 400, 401, 402, 405, 406, 407, 408, 418, 419, 420, 421, 423, 424, 425, 426, 427, 428, 429, 430, 431, 432, 434, 435, 436, 438, 439, 440, 441, 442, 443, 444, 445, 446, 447, 449, 450, 451], "excluded_lines": []}, "_compute_sha1": {"executed_lines": [], "summary": {"covered_lines": 0, "num_statements": 8, "percent_covered": 0.0, "percent_covered_display": "0", "missing_lines": 8, "excluded_lines": 0}, "missing_lines": [458, 459, 460, 461, 462, 463, 464, 465], "excluded_lines": []}, "export_repository_zip": {"executed_lines": [], "summary": {"covered_lines": 0, "num_statements": 21, "percent_covered": 0.0, "percent_covered_display": "0", "missing_lines": 21, "excluded_lines": 0}, "missing_lines": [469, 470, 472, 473, 474, 475, 476, 477, 478, 479, 480, 481, 482, 483, 484, 485, 486, 487, 488, 489, 490], "excluded_lines": []}, "_preprocess_source_flag": {"executed_lines": [], "summary": {"covered_lines": 0, "num_statements": 6, "percent_covered": 0.0, "percent_covered_display": "0", "missing_lines": 6, "excluded_lines": 0}, "missing_lines": [498, 499, 500, 501, 503, 504], "excluded_lines": []}, "_parse_args": {"executed_lines": [], "summary": {"covered_lines": 0, "num_statements": 12, "percent_covered": 0.0, "percent_covered_display": "0", "missing_lines": 12, "excluded_lines": 0}, "missing_lines": [508, 509, 511, 512, 513, 514, 524, 527, 528, 529, 530, 531], "excluded_lines": []}, "main": {"executed_lines": [], "summary": {"covered_lines": 0, "num_statements": 30, "percent_covered": 0.0, "percent_covered_display": "0", "missing_lines": 30, "excluded_lines": 0}, "missing_lines": [535, 536, 538, 539, 540, 541, 543, 544, 547, 548, 549, 550, 552, 553, 554, 557, 558, 559, 560, 562, 563, 564, 567, 568, 569, 571, 572, 573, 574, 575], "excluded_lines": []}, "": {"executed_lines": [], "summary": {"covered_lines": 0, "num_statements": 33, "percent_covered": 0.0, "percent_covered_display": "0", "missing_lines": 33, "excluded_lines": 0}, "missing_lines": [1, 27, 28, 29, 30, 31, 32, 33, 34, 35, 37, 40, 46, 55, 87, 105, 150, 167, 185, 188, 214, 230, 305, 313, 359, 384, 457, 468, 496, 507, 534, 578, 579], "excluded_lines": []}}, "classes": {"": {"executed_lines": [], "summary": {"covered_lines": 0, "num_statements": 292, "percent_covered": 0.0, "percent_covered_display": "0", "missing_lines": 292, "excluded_lines": 0}, "missing_lines": [1, 27, 28, 29, 30, 31, 32, 33, 34, 35, 37, 40, 46, 47, 48, 49, 50, 51, 52, 55, 63, 64, 65, 66, 67, 68, 69, 70, 71, 72, 73, 74, 75, 76, 77, 78, 79, 80, 87, 96, 97, 98, 99, 100, 101, 102, 105, 114, 115, 116, 117, 118, 120, 121, 122, 123, 124, 125, 126, 127, 129, 130, 131, 132, 133, 134, 135, 136, 144, 150, 167, 185, 186, 188, 214, 215, 216, 217, 218, 219, 220, 221, 222, 223, 224, 225, 226, 227, 230, 232, 233, 235, 236, 237, 238, 239, 240, 241, 244, 245, 246, 252, 253, 255, 256, 257, 258, 259, 260, 261, 262, 263, 264, 267, 268, 269, 279, 282, 283, 284, 285, 286, 287, 288, 289, 290, 291, 292, 293, 294, 295, 296, 297, 298, 299, 305, 307, 308, 309, 310, 313, 327, 329, 330, 333, 334, 335, 338, 339, 340, 341, 342, 343, 346, 347, 352, 355, 356, 359, 370, 372, 374, 375, 376, 378, 384, 385, 386, 388, 390, 399, 400, 401, 402, 405, 406, 407, 408, 418, 419, 420, 421, 423, 424, 425, 426, 427, 428, 429, 430, 431, 432, 434, 435, 436, 438, 439, 440, 441, 442, 443, 444, 445, 446, 447, 449, 450, 451, 457, 458, 459, 460, 461, 462, 463, 464, 465, 468, 469, 470, 472, 473, 474, 475, 476, 477, 478, 479, 480, 481, 482, 483, 484, 485, 486, 487, 488, 489, 490, 496, 498, 499, 500, 501, 503, 504, 507, 508, 509, 511, 512, 513, 514, 524, 527, 528, 529, 530, 531, 534, 535, 536, 538, 539, 540, 541, 543, 544, 547, 548, 549, 550, 552, 553, 554, 557, 558, 559, 560, 562, 563, 564, 567, 568, 569, 571, 572, 573, 574, 575, 578, 579], "excluded_lines": []}}}, "export_script.py": {"executed_lines": [], "summary": {"covered_lines": 0, "num_statements": 141, "percent_covered": 0.0, "percent_covered_display": "0", "missing_lines": 141, "excluded_lines": 0}, "missing_lines": [7, 8, 9, 10, 13, 15, 16, 17, 18, 20, 21, 24, 26, 27, 30, 31, 34, 35, 38, 39, 40, 43, 44, 45, 46, 47, 48, 49, 51, 54, 56, 57, 59, 60, 62, 63, 67, 68, 70, 71, 72, 73, 75, 76, 77, 80, 83, 85, 86, 87, 88, 89, 90, 91, 92, 93, 94, 95, 98, 100, 101, 103, 104, 105, 106, 107, 108, 109, 110, 111, 112, 114, 117, 119, 120, 127, 130, 132, 135, 137, 143, 148, 150, 151, 152, 153, 156, 157, 158, 163, 165, 167, 168, 169, 170, 171, 172, 173, 174, 175, 176, 177, 180, 181, 182, 185, 188, 189, 190, 191, 192, 193, 194, 195, 197, 198, 199, 200, 201, 203, 206, 207, 208, 209, 210, 211, 212, 213, 214, 215, 216, 217, 219, 220, 222, 223, 224, 225, 226, 228, 229], "excluded_lines": [], "functions": {"load_gitignore_patterns": {"executed_lines": [], "summary": {"covered_lines": 0, "num_statements": 6, "percent_covered": 0.0, "percent_covered_display": "0", "missing_lines": 6, "excluded_lines": 0}, "missing_lines": [15, 16, 17, 18, 20, 21], "excluded_lines": []}, "should_ignore": {"executed_lines": [], "summary": {"covered_lines": 0, "num_statements": 17, "percent_covered": 0.0, "percent_covered_display": "0", "missing_lines": 17, "excluded_lines": 0}, "missing_lines": [26, 27, 30, 31, 34, 35, 38, 39, 40, 43, 44, 45, 46, 47, 48, 49, 51], "excluded_lines": []}, "get_directory_tree": {"executed_lines": [], "summary": {"covered_lines": 0, "num_statements": 16, "percent_covered": 0.0, "percent_covered_display": "0", "missing_lines": 16, "excluded_lines": 0}, "missing_lines": [56, 57, 59, 60, 62, 63, 67, 68, 70, 71, 72, 73, 75, 76, 77, 80], "excluded_lines": []}, "read_file_content": {"executed_lines": [], "summary": {"covered_lines": 0, "num_statements": 11, "percent_covered": 0.0, "percent_covered_display": "0", "missing_lines": 11, "excluded_lines": 0}, "missing_lines": [85, 86, 87, 88, 89, 90, 91, 92, 93, 94, 95], "excluded_lines": []}, "get_file_extension_priority": {"executed_lines": [], "summary": {"covered_lines": 0, "num_statements": 13, "percent_covered": 0.0, "percent_covered_display": "0", "missing_lines": 13, "excluded_lines": 0}, "missing_lines": [100, 101, 103, 104, 105, 106, 107, 108, 109, 110, 111, 112, 114], "excluded_lines": []}, "get_language_from_extension": {"executed_lines": [], "summary": {"covered_lines": 0, "num_statements": 3, "percent_covered": 0.0, "percent_covered_display": "0", "missing_lines": 3, "excluded_lines": 0}, "missing_lines": [119, 120, 127], "excluded_lines": []}, "export_repository": {"executed_lines": [], "summary": {"covered_lines": 0, "num_statements": 43, "percent_covered": 0.0, "percent_covered_display": "0", "missing_lines": 43, "excluded_lines": 0}, "missing_lines": [132, 135, 137, 143, 148, 150, 151, 152, 153, 156, 157, 158, 163, 165, 167, 168, 169, 170, 171, 172, 173, 174, 175, 176, 177, 180, 181, 182, 185, 188, 189, 190, 191, 192, 193, 194, 195, 197, 198, 199, 200, 201, 203], "excluded_lines": []}, "main": {"executed_lines": [], "summary": {"covered_lines": 0, "num_statements": 18, "percent_covered": 0.0, "percent_covered_display": "0", "missing_lines": 18, "excluded_lines": 0}, "missing_lines": [207, 208, 209, 210, 211, 212, 213, 214, 215, 216, 217, 219, 220, 222, 223, 224, 225, 226], "excluded_lines": []}, "": {"executed_lines": [], "summary": {"covered_lines": 0, "num_statements": 14, "percent_covered": 0.0, "percent_covered_display": "0", "missing_lines": 14, "excluded_lines": 0}, "missing_lines": [7, 8, 9, 10, 13, 24, 54, 83, 98, 117, 130, 206, 228, 229], "excluded_lines": []}}, "classes": {"": {"executed_lines": [], "summary": {"covered_lines": 0, "num_statements": 141, "percent_covered": 0.0, "percent_covered_display": "0", "missing_lines": 141, "excluded_lines": 0}, "missing_lines": [7, 8, 9, 10, 13, 15, 16, 17, 18, 20, 21, 24, 26, 27, 30, 31, 34, 35, 38, 39, 40, 43, 44, 45, 46, 47, 48, 49, 51, 54, 56, 57, 59, 60, 62, 63, 67, 68, 70, 71, 72, 73, 75, 76, 77, 80, 83, 85, 86, 87, 88, 89, 90, 91, 92, 93, 94, 95, 98, 100, 101, 103, 104, 105, 106, 107, 108, 109, 110, 111, 112, 114, 117, 119, 120, 127, 130, 132, 135, 137, 143, 148, 150, 151, 152, 153, 156, 157, 158, 163, 165, 167, 168, 169, 170, 171, 172, 173, 174, 175, 176, 177, 180, 181, 182, 185, 188, 189, 190, 191, 192, 193, 194, 195, 197, 198, 199, 200, 201, 203, 206, 207, 208, 209, 210, 211, 212, 213, 214, 215, 216, 217, 219, 220, 222, 223, 224, 225, 226, 228, 229], "excluded_lines": []}}}, "export_zip_md.py": {"executed_lines": [], "summary": {"covered_lines": 0, "num_statements": 165, "percent_covered": 0.0, "percent_covered_display": "0", "missing_lines": 165, "excluded_lines": 0}, "missing_lines": [19, 21, 22, 23, 24, 25, 26, 27, 28, 30, 36, 38, 39, 40, 41, 42, 43, 46, 54, 55, 57, 58, 60, 61, 63, 64, 65, 67, 68, 69, 70, 71, 72, 73, 75, 81, 89, 90, 91, 96, 97, 99, 101, 102, 103, 104, 105, 106, 109, 112, 130, 131, 132, 133, 134, 135, 136, 137, 138, 139, 140, 141, 142, 143, 146, 164, 165, 168, 191, 193, 194, 196, 198, 199, 200, 201, 204, 205, 206, 211, 212, 214, 215, 216, 217, 218, 219, 220, 221, 222, 223, 226, 227, 228, 229, 232, 233, 234, 235, 236, 237, 238, 239, 240, 241, 242, 243, 244, 245, 246, 247, 248, 250, 256, 257, 258, 259, 260, 261, 262, 263, 264, 267, 269, 270, 272, 274, 275, 276, 277, 278, 279, 280, 281, 283, 285, 286, 287, 288, 289, 291, 294, 296, 302, 303, 306, 312, 318, 325, 328, 329, 330, 332, 333, 334, 335, 337, 338, 340, 341, 342, 344, 345, 348, 349], "excluded_lines": [], "functions": {"_load_gitignore_patterns": {"executed_lines": [], "summary": {"covered_lines": 0, "num_statements": 6, "percent_covered": 0.0, "percent_covered_display": "0", "missing_lines": 6, "excluded_lines": 0}, "missing_lines": [38, 39, 40, 41, 42, 43], "excluded_lines": []}, "_should_ignore": {"executed_lines": [], "summary": {"covered_lines": 0, "num_statements": 17, "percent_covered": 0.0, "percent_covered_display": "0", "missing_lines": 17, "excluded_lines": 0}, "missing_lines": [54, 55, 57, 58, 60, 61, 63, 64, 65, 67, 68, 69, 70, 71, 72, 73, 75], "excluded_lines": []}, "_get_directory_tree": {"executed_lines": [], "summary": {"covered_lines": 0, "num_statements": 13, "percent_covered": 0.0, "percent_covered_display": "0", "missing_lines": 13, "excluded_lines": 0}, "missing_lines": [89, 90, 91, 96, 97, 99, 101, 102, 103, 104, 105, 106, 109], "excluded_lines": []}, "_file_priority": {"executed_lines": [], "summary": {"covered_lines": 0, "num_statements": 13, "percent_covered": 0.0, "percent_covered_display": "0", "missing_lines": 13, "excluded_lines": 0}, "missing_lines": [131, 132, 133, 134, 135, 136, 137, 138, 139, 140, 141, 142, 143], "excluded_lines": []}, "_lang_for": {"executed_lines": [], "summary": {"covered_lines": 0, "num_statements": 1, "percent_covered": 0.0, "percent_covered_display": "0", "missing_lines": 1, "excluded_lines": 0}, "missing_lines": [165], "excluded_lines": []}, "export_repository_md": {"executed_lines": [], "summary": {"covered_lines": 0, "num_statements": 44, "percent_covered": 0.0, "percent_covered_display": "0", "missing_lines": 44, "excluded_lines": 0}, "missing_lines": [193, 194, 196, 198, 199, 200, 201, 204, 205, 206, 211, 212, 214, 215, 216, 217, 218, 219, 220, 221, 222, 223, 226, 227, 228, 229, 232, 233, 234, 235, 236, 237, 238, 239, 240, 241, 242, 243, 244, 245, 246, 247, 248, 250], "excluded_lines": []}, "_compute_sha1": {"executed_lines": [], "summary": {"covered_lines": 0, "num_statements": 8, "percent_covered": 0.0, "percent_covered_display": "0", "missing_lines": 8, "excluded_lines": 0}, "missing_lines": [257, 258, 259, 260, 261, 262, 263, 264], "excluded_lines": []}, "export_repository_zip": {"executed_lines": [], "summary": {"covered_lines": 0, "num_statements": 20, "percent_covered": 0.0, "percent_covered_display": "0", "missing_lines": 20, "excluded_lines": 0}, "missing_lines": [269, 270, 272, 274, 275, 276, 277, 278, 279, 280, 281, 283, 285, 286, 287, 288, 289, 291, 294, 296], "excluded_lines": []}, "_parse_args": {"executed_lines": [], "summary": {"covered_lines": 0, "num_statements": 5, "percent_covered": 0.0, "percent_covered_display": "0", "missing_lines": 5, "excluded_lines": 0}, "missing_lines": [303, 306, 312, 318, 325], "excluded_lines": []}, "main": {"executed_lines": [], "summary": {"covered_lines": 0, "num_statements": 13, "percent_covered": 0.0, "percent_covered_display": "0", "missing_lines": 13, "excluded_lines": 0}, "missing_lines": [329, 330, 332, 333, 334, 335, 337, 338, 340, 341, 342, 344, 345], "excluded_lines": []}, "": {"executed_lines": [], "summary": {"covered_lines": 0, "num_statements": 25, "percent_covered": 0.0, "percent_covered_display": "0", "missing_lines": 25, "excluded_lines": 0}, "missing_lines": [19, 21, 22, 23, 24, 25, 26, 27, 28, 30, 36, 46, 81, 112, 130, 146, 164, 168, 191, 256, 267, 302, 328, 348, 349], "excluded_lines": []}}, "classes": {"": {"executed_lines": [], "summary": {"covered_lines": 0, "num_statements": 165, "percent_covered": 0.0, "percent_covered_display": "0", "missing_lines": 165, "excluded_lines": 0}, "missing_lines": [19, 21, 22, 23, 24, 25, 26, 27, 28, 30, 36, 38, 39, 40, 41, 42, 43, 46, 54, 55, 57, 58, 60, 61, 63, 64, 65, 67, 68, 69, 70, 71, 72, 73, 75, 81, 89, 90, 91, 96, 97, 99, 101, 102, 103, 104, 105, 106, 109, 112, 130, 131, 132, 133, 134, 135, 136, 137, 138, 139, 140, 141, 142, 143, 146, 164, 165, 168, 191, 193, 194, 196, 198, 199, 200, 201, 204, 205, 206, 211, 212, 214, 215, 216, 217, 218, 219, 220, 221, 222, 223, 226, 227, 228, 229, 232, 233, 234, 235, 236, 237, 238, 239, 240, 241, 242, 243, 244, 245, 246, 247, 248, 250, 256, 257, 258, 259, 260, 261, 262, 263, 264, 267, 269, 270, 272, 274, 275, 276, 277, 278, 279, 280, 281, 283, 285, 286, 287, 288, 289, 291, 294, 296, 302, 303, 306, 312, 318, 325, 328, 329, 330, 332, 333, 334, 335, 337, 338, 340, 341, 342, 344, 345, 348, 349], "excluded_lines": []}}}, "models/__init__.py": {"executed_lines": [1, 21, 31, 34, 35, 36, 37, 38, 39, 42, 43, 44, 48, 52, 56, 60, 63, 69, 72, 164, 165], "summary": {"covered_lines": 20, "num_statements": 20, "percent_covered": 100.0, "percent_covered_display": "100", "missing_lines": 0, "excluded_lines": 0}, "missing_lines": [], "excluded_lines": [], "functions": {"": {"executed_lines": [1, 21, 31, 34, 35, 36, 37, 38, 39, 42, 43, 44, 48, 52, 56, 60, 63, 69, 72, 164, 165], "summary": {"covered_lines": 20, "num_statements": 20, "percent_covered": 100.0, "percent_covered_display": "100", "missing_lines": 0, "excluded_lines": 0}, "missing_lines": [], "excluded_lines": []}}, "classes": {"": {"executed_lines": [1, 21, 31, 34, 35, 36, 37, 38, 39, 42, 43, 44, 48, 52, 56, 60, 63, 69, 72, 164, 165], "summary": {"covered_lines": 20, "num_statements": 20, "percent_covered": 100.0, "percent_covered_display": "100", "missing_lines": 0, "excluded_lines": 0}, "missing_lines": [], "excluded_lines": []}}}, "models/base.py": {"executed_lines": [1, 11, 12, 13, 14, 15, 16, 19, 23, 24, 25, 26, 27, 28, 31, 32, 39, 45, 50, 63, 64, 68, 69, 73, 79, 80, 87, 88, 93, 94, 101, 103, 105, 107, 108, 116, 119, 120, 123, 124, 127, 130, 131, 138, 139, 141, 146, 152, 153, 159, 174, 192, 193, 200, 203, 204, 208, 210, 211, 212, 214, 216, 217, 219, 221, 222, 223, 224, 225, 226, 227, 229, 230, 232, 234, 235, 237, 240, 241, 248, 251, 252, 258, 264, 285, 306, 323, 331], "summary": {"covered_lines": 79, "num_statements": 136, "percent_covered": 58.088235294117645, "percent_covered_display": "58", "missing_lines": 57, "excluded_lines": 0}, "missing_lines": [41, 42, 43, 47, 48, 52, 54, 55, 56, 57, 58, 59, 60, 61, 66, 71, 75, 76, 143, 144, 148, 149, 172, 176, 178, 179, 180, 183, 184, 185, 186, 275, 276, 277, 279, 280, 281, 282, 296, 297, 298, 299, 301, 302, 303, 313, 314, 315, 316, 317, 318, 319, 325, 327, 328, 333, 334], "excluded_lines": [], "functions": {"_set_sqlite_pragma": {"executed_lines": [25, 26, 27, 28], "summary": {"covered_lines": 4, "num_statements": 4, "percent_covered": 100.0, "percent_covered_display": "100", "missing_lines": 0, "excluded_lines": 0}, "missing_lines": [], "excluded_lines": []}, "UtilityMixin.save": {"executed_lines": [], "summary": {"covered_lines": 0, "num_statements": 3, "percent_covered": 0.0, "percent_covered_display": "0", "missing_lines": 3, "excluded_lines": 0}, "missing_lines": [41, 42, 43], "excluded_lines": []}, "UtilityMixin.delete": {"executed_lines": [], "summary": {"covered_lines": 0, "num_statements": 2, "percent_covered": 0.0, "percent_covered_display": "0", "missing_lines": 2, "excluded_lines": 0}, "missing_lines": [47, 48], "excluded_lines": []}, "UtilityMixin.to_dict": {"executed_lines": [], "summary": {"covered_lines": 0, "num_statements": 9, "percent_covered": 0.0, "percent_covered_display": "0", "missing_lines": 9, "excluded_lines": 0}, "missing_lines": [52, 54, 55, 56, 57, 58, 59, 60, 61], "excluded_lines": []}, "UtilityMixin.find_by_id": {"executed_lines": [], "summary": {"covered_lines": 0, "num_statements": 1, "percent_covered": 0.0, "percent_covered_display": "0", "missing_lines": 1, "excluded_lines": 0}, "missing_lines": [66], "excluded_lines": []}, "UtilityMixin.find_all": {"executed_lines": [], "summary": {"covered_lines": 0, "num_statements": 1, "percent_covered": 0.0, "percent_covered_display": "0", "missing_lines": 1, "excluded_lines": 0}, "missing_lines": [71], "excluded_lines": []}, "UtilityMixin.refresh": {"executed_lines": [], "summary": {"covered_lines": 0, "num_statements": 2, "percent_covered": 0.0, "percent_covered_display": "0", "missing_lines": 2, "excluded_lines": 0}, "missing_lines": [75, 76], "excluded_lines": []}, "SoftDeleteMixin.soft_delete": {"executed_lines": [105], "summary": {"covered_lines": 1, "num_statements": 1, "percent_covered": 100.0, "percent_covered_display": "100", "missing_lines": 0, "excluded_lines": 0}, "missing_lines": [], "excluded_lines": []}, "SoftDeleteMixin.is_deleted": {"executed_lines": [116, 119, 120, 123, 124, 127], "summary": {"covered_lines": 6, "num_statements": 6, "percent_covered": 100.0, "percent_covered_display": "100", "missing_lines": 0, "excluded_lines": 0}, "missing_lines": [], "excluded_lines": []}, "AuditMixin.set_created_by": {"executed_lines": [], "summary": {"covered_lines": 0, "num_statements": 2, "percent_covered": 0.0, "percent_covered_display": "0", "missing_lines": 2, "excluded_lines": 0}, "missing_lines": [143, 144], "excluded_lines": []}, "AuditMixin.set_updated_by": {"executed_lines": [], "summary": {"covered_lines": 0, "num_statements": 2, "percent_covered": 0.0, "percent_covered_display": "0", "missing_lines": 2, "excluded_lines": 0}, "missing_lines": [148, 149], "excluded_lines": []}, "ValidationMixin.validate": {"executed_lines": [], "summary": {"covered_lines": 0, "num_statements": 1, "percent_covered": 0.0, "percent_covered_display": "0", "missing_lines": 1, "excluded_lines": 0}, "missing_lines": [172], "excluded_lines": []}, "ValidationMixin.save_with_validation": {"executed_lines": [], "summary": {"covered_lines": 0, "num_statements": 8, "percent_covered": 0.0, "percent_covered_display": "0", "missing_lines": 8, "excluded_lines": 0}, "missing_lines": [176, 178, 179, 180, 183, 184, 185, 186], "excluded_lines": []}, "BaseModel.save": {"executed_lines": [210, 211, 212], "summary": {"covered_lines": 3, "num_statements": 3, "percent_covered": 100.0, "percent_covered_display": "100", "missing_lines": 0, "excluded_lines": 0}, "missing_lines": [], "excluded_lines": []}, "BaseModel.delete": {"executed_lines": [216, 217], "summary": {"covered_lines": 2, "num_statements": 2, "percent_covered": 100.0, "percent_covered_display": "100", "missing_lines": 0, "excluded_lines": 0}, "missing_lines": [], "excluded_lines": []}, "BaseModel.to_dict": {"executed_lines": [221, 222, 223, 224, 225, 226, 227], "summary": {"covered_lines": 7, "num_statements": 7, "percent_covered": 100.0, "percent_covered_display": "100", "missing_lines": 0, "excluded_lines": 0}, "missing_lines": [], "excluded_lines": []}, "BaseModel.find_by_id": {"executed_lines": [232], "summary": {"covered_lines": 1, "num_statements": 1, "percent_covered": 100.0, "percent_covered_display": "100", "missing_lines": 0, "excluded_lines": 0}, "missing_lines": [], "excluded_lines": []}, "BaseModel.find_all": {"executed_lines": [237], "summary": {"covered_lines": 1, "num_statements": 1, "percent_covered": 100.0, "percent_covered_display": "100", "missing_lines": 0, "excluded_lines": 0}, "missing_lines": [], "excluded_lines": []}, "get_or_create": {"executed_lines": [], "summary": {"covered_lines": 0, "num_statements": 7, "percent_covered": 0.0, "percent_covered_display": "0", "missing_lines": 7, "excluded_lines": 0}, "missing_lines": [275, 276, 277, 279, 280, 281, 282], "excluded_lines": []}, "bulk_create": {"executed_lines": [], "summary": {"covered_lines": 0, "num_statements": 7, "percent_covered": 0.0, "percent_covered_display": "0", "missing_lines": 7, "excluded_lines": 0}, "missing_lines": [296, 297, 298, 299, 301, 302, 303], "excluded_lines": []}, "safe_commit": {"executed_lines": [], "summary": {"covered_lines": 0, "num_statements": 7, "percent_covered": 0.0, "percent_covered_display": "0", "missing_lines": 7, "excluded_lines": 0}, "missing_lines": [313, 314, 315, 316, 317, 318, 319], "excluded_lines": []}, "init_db": {"executed_lines": [], "summary": {"covered_lines": 0, "num_statements": 3, "percent_covered": 0.0, "percent_covered_display": "0", "missing_lines": 3, "excluded_lines": 0}, "missing_lines": [325, 327, 328], "excluded_lines": []}, "reset_db": {"executed_lines": [], "summary": {"covered_lines": 0, "num_statements": 2, "percent_covered": 0.0, "percent_covered_display": "0", "missing_lines": 2, "excluded_lines": 0}, "missing_lines": [333, 334], "excluded_lines": []}, "": {"executed_lines": [1, 11, 12, 13, 14, 15, 16, 19, 23, 24, 31, 32, 39, 45, 50, 63, 64, 68, 69, 73, 79, 80, 87, 88, 93, 94, 101, 103, 107, 108, 130, 131, 138, 139, 141, 146, 152, 153, 159, 174, 192, 193, 200, 203, 204, 208, 214, 219, 229, 230, 234, 235, 240, 241, 248, 251, 252, 258, 264, 285, 306, 323, 331], "summary": {"covered_lines": 54, "num_statements": 54, "percent_covered": 100.0, "percent_covered_display": "100", "missing_lines": 0, "excluded_lines": 0}, "missing_lines": [], "excluded_lines": []}}, "classes": {"UtilityMixin": {"executed_lines": [], "summary": {"covered_lines": 0, "num_statements": 18, "percent_covered": 0.0, "percent_covered_display": "0", "missing_lines": 18, "excluded_lines": 0}, "missing_lines": [41, 42, 43, 47, 48, 52, 54, 55, 56, 57, 58, 59, 60, 61, 66, 71, 75, 76], "excluded_lines": []}, "TimestampMixin": {"executed_lines": [], "summary": {"covered_lines": 0, "num_statements": 0, "percent_covered": 100.0, "percent_covered_display": "100", "missing_lines": 0, "excluded_lines": 0}, "missing_lines": [], "excluded_lines": []}, "SoftDeleteMixin": {"executed_lines": [105, 116, 119, 120, 123, 124, 127], "summary": {"covered_lines": 7, "num_statements": 7, "percent_covered": 100.0, "percent_covered_display": "100", "missing_lines": 0, "excluded_lines": 0}, "missing_lines": [], "excluded_lines": []}, "AuditMixin": {"executed_lines": [], "summary": {"covered_lines": 0, "num_statements": 4, "percent_covered": 0.0, "percent_covered_display": "0", "missing_lines": 4, "excluded_lines": 0}, "missing_lines": [143, 144, 148, 149], "excluded_lines": []}, "ValidationMixin": {"executed_lines": [], "summary": {"covered_lines": 0, "num_statements": 9, "percent_covered": 0.0, "percent_covered_display": "0", "missing_lines": 9, "excluded_lines": 0}, "missing_lines": [172, 176, 178, 179, 180, 183, 184, 185, 186], "excluded_lines": []}, "BaseModel": {"executed_lines": [210, 211, 212, 216, 217, 221, 222, 223, 224, 225, 226, 227, 232, 237], "summary": {"covered_lines": 14, "num_statements": 14, "percent_covered": 100.0, "percent_covered_display": "100", "missing_lines": 0, "excluded_lines": 0}, "missing_lines": [], "excluded_lines": []}, "SimpleModel": {"executed_lines": [], "summary": {"covered_lines": 0, "num_statements": 0, "percent_covered": 100.0, "percent_covered_display": "100", "missing_lines": 0, "excluded_lines": 0}, "missing_lines": [], "excluded_lines": []}, "TimestampedModel": {"executed_lines": [], "summary": {"covered_lines": 0, "num_statements": 0, "percent_covered": 100.0, "percent_covered_display": "100", "missing_lines": 0, "excluded_lines": 0}, "missing_lines": [], "excluded_lines": []}, "": {"executed_lines": [1, 11, 12, 13, 14, 15, 16, 19, 23, 24, 25, 26, 27, 28, 31, 32, 39, 45, 50, 63, 64, 68, 69, 73, 79, 80, 87, 88, 93, 94, 101, 103, 107, 108, 130, 131, 138, 139, 141, 146, 152, 153, 159, 174, 192, 193, 200, 203, 204, 208, 214, 219, 229, 230, 234, 235, 240, 241, 248, 251, 252, 258, 264, 285, 306, 323, 331], "summary": {"covered_lines": 58, "num_statements": 84, "percent_covered": 69.04761904761905, "percent_covered_display": "69", "missing_lines": 26, "excluded_lines": 0}, "missing_lines": [275, 276, 277, 279, 280, 281, 282, 296, 297, 298, 299, 301, 302, 303, 313, 314, 315, 316, 317, 318, 319, 325, 327, 328, 333, 334], "excluded_lines": []}}}, "models/caching/__init__.py": {"executed_lines": [1, 6, 19], "summary": {"covered_lines": 2, "num_statements": 2, "percent_covered": 100.0, "percent_covered_display": "100", "missing_lines": 0, "excluded_lines": 0}, "missing_lines": [], "excluded_lines": [], "functions": {"": {"executed_lines": [1, 6, 19], "summary": {"covered_lines": 2, "num_statements": 2, "percent_covered": 100.0, "percent_covered_display": "100", "missing_lines": 0, "excluded_lines": 0}, "missing_lines": [], "excluded_lines": []}}, "classes": {"": {"executed_lines": [1, 6, 19], "summary": {"covered_lines": 2, "num_statements": 2, "percent_covered": 100.0, "percent_covered_display": "100", "missing_lines": 0, "excluded_lines": 0}, "missing_lines": [], "excluded_lines": []}}}, "models/caching/manager.py": {"executed_lines": [1, 7, 9, 10, 11, 12, 13, 14, 15, 16, 17, 18, 19, 20, 21, 24, 26, 29, 30, 31, 32, 33, 34, 35, 38, 39, 40, 41, 42, 45, 46, 47, 49, 50, 51, 52, 53, 54, 55, 56, 58, 59, 61, 63, 65, 66, 70, 72, 73, 76, 77, 78, 80, 81, 82, 83, 84, 86, 87, 92, 93, 98, 99, 101, 102, 106, 107, 111, 112, 116, 117, 121, 122, 126, 131, 132, 134, 140, 141, 142, 143, 144, 145, 147, 149, 150, 152, 153, 154, 156, 161, 162, 165, 166, 168, 170, 172, 174, 175, 178, 182, 184, 185, 187, 189, 198, 200, 201, 202, 204, 206, 207, 208, 211, 213, 215, 216, 217, 218, 219, 221, 222, 224, 225, 227, 261, 263, 265, 267, 268, 269, 270, 271, 272, 273, 284, 285, 287, 288, 289, 290, 292, 294, 295, 297, 299, 301, 303, 305, 311, 312, 314, 315, 318, 319, 321, 322, 325, 326, 328, 329, 331, 340, 341, 343, 352, 353, 354, 357, 358, 362, 364, 384, 390, 391, 393, 394, 395, 398, 399, 400, 401, 402, 404, 406, 408, 409, 410, 412, 414, 415, 416, 417, 419, 426, 432, 434, 435, 436, 438, 439, 445, 448, 453, 459, 467, 468, 469, 471, 472, 477, 478, 479, 482, 483, 491, 493, 494, 497, 500, 501, 502, 512, 513, 516, 533, 535, 536, 539, 545, 552, 553, 554, 557, 558, 559, 560], "summary": {"covered_lines": 229, "num_statements": 299, "percent_covered": 76.5886287625418, "percent_covered_display": "77", "missing_lines": 70, "excluded_lines": 0}, "missing_lines": [62, 68, 89, 90, 95, 104, 109, 114, 119, 124, 128, 157, 158, 159, 179, 191, 192, 193, 194, 195, 196, 229, 231, 232, 234, 238, 239, 241, 242, 244, 248, 249, 250, 253, 257, 259, 279, 280, 281, 316, 355, 359, 360, 370, 371, 373, 374, 375, 376, 378, 379, 380, 382, 396, 440, 441, 474, 503, 506, 507, 508, 510, 519, 526, 527, 529, 541, 542, 547, 548], "excluded_lines": [], "functions": {"CacheEntry.is_expired": {"executed_lines": [61, 63], "summary": {"covered_lines": 2, "num_statements": 3, "percent_covered": 66.66666666666667, "percent_covered_display": "67", "missing_lines": 1, "excluded_lines": 0}, "missing_lines": [62], "excluded_lines": []}, "CacheEntry.age_seconds": {"executed_lines": [], "summary": {"covered_lines": 0, "num_statements": 1, "percent_covered": 0.0, "percent_covered_display": "0", "missing_lines": 1, "excluded_lines": 0}, "missing_lines": [68], "excluded_lines": []}, "CacheEntry.access": {"executed_lines": [72, 73], "summary": {"covered_lines": 2, "num_statements": 2, "percent_covered": 100.0, "percent_covered_display": "100", "missing_lines": 0, "excluded_lines": 0}, "missing_lines": [], "excluded_lines": []}, "CacheStats.hit_rate": {"executed_lines": [], "summary": {"covered_lines": 0, "num_statements": 2, "percent_covered": 0.0, "percent_covered_display": "0", "missing_lines": 2, "excluded_lines": 0}, "missing_lines": [89, 90], "excluded_lines": []}, "CacheStats.miss_rate": {"executed_lines": [], "summary": {"covered_lines": 0, "num_statements": 1, "percent_covered": 0.0, "percent_covered_display": "0", "missing_lines": 1, "excluded_lines": 0}, "missing_lines": [95], "excluded_lines": []}, "CacheBackend.get": {"executed_lines": [], "summary": {"covered_lines": 0, "num_statements": 1, "percent_covered": 0.0, "percent_covered_display": "0", "missing_lines": 1, "excluded_lines": 0}, "missing_lines": [104], "excluded_lines": []}, "CacheBackend.set": {"executed_lines": [], "summary": {"covered_lines": 0, "num_statements": 1, "percent_covered": 0.0, "percent_covered_display": "0", "missing_lines": 1, "excluded_lines": 0}, "missing_lines": [109], "excluded_lines": []}, "CacheBackend.delete": {"executed_lines": [], "summary": {"covered_lines": 0, "num_statements": 1, "percent_covered": 0.0, "percent_covered_display": "0", "missing_lines": 1, "excluded_lines": 0}, "missing_lines": [114], "excluded_lines": []}, "CacheBackend.clear": {"executed_lines": [], "summary": {"covered_lines": 0, "num_statements": 1, "percent_covered": 0.0, "percent_covered_display": "0", "missing_lines": 1, "excluded_lines": 0}, "missing_lines": [119], "excluded_lines": []}, "CacheBackend.get_stats": {"executed_lines": [], "summary": {"covered_lines": 0, "num_statements": 1, "percent_covered": 0.0, "percent_covered_display": "0", "missing_lines": 1, "excluded_lines": 0}, "missing_lines": [124], "excluded_lines": []}, "CacheBackend.invalidate_by_tags": {"executed_lines": [], "summary": {"covered_lines": 0, "num_statements": 1, "percent_covered": 0.0, "percent_covered_display": "0", "missing_lines": 1, "excluded_lines": 0}, "missing_lines": [128], "excluded_lines": []}, "MemoryCacheBackend.__init__": {"executed_lines": [140, 141, 142, 143, 144, 145], "summary": {"covered_lines": 6, "num_statements": 6, "percent_covered": 100.0, "percent_covered_display": "100", "missing_lines": 0, "excluded_lines": 0}, "missing_lines": [], "excluded_lines": []}, "MemoryCacheBackend.get": {"executed_lines": [149, 150, 152, 153, 154, 156, 161, 162, 165, 166, 168], "summary": {"covered_lines": 11, "num_statements": 14, "percent_covered": 78.57142857142857, "percent_covered_display": "79", "missing_lines": 3, "excluded_lines": 0}, "missing_lines": [157, 158, 159], "excluded_lines": []}, "MemoryCacheBackend.set": {"executed_lines": [172, 174, 175, 178, 182, 184, 185, 187], "summary": {"covered_lines": 8, "num_statements": 9, "percent_covered": 88.88888888888889, "percent_covered_display": "89", "missing_lines": 1, "excluded_lines": 0}, "missing_lines": [179], "excluded_lines": []}, "MemoryCacheBackend.delete": {"executed_lines": [], "summary": {"covered_lines": 0, "num_statements": 6, "percent_covered": 0.0, "percent_covered_display": "0", "missing_lines": 6, "excluded_lines": 0}, "missing_lines": [191, 192, 193, 194, 195, 196], "excluded_lines": []}, "MemoryCacheBackend.clear": {"executed_lines": [200, 201, 202], "summary": {"covered_lines": 3, "num_statements": 3, "percent_covered": 100.0, "percent_covered_display": "100", "missing_lines": 0, "excluded_lines": 0}, "missing_lines": [], "excluded_lines": []}, "MemoryCacheBackend.get_stats": {"executed_lines": [206, 207, 208, 211], "summary": {"covered_lines": 4, "num_statements": 4, "percent_covered": 100.0, "percent_covered_display": "100", "missing_lines": 0, "excluded_lines": 0}, "missing_lines": [], "excluded_lines": []}, "MemoryCacheBackend.invalidate_by_tags": {"executed_lines": [215, 216, 217, 218, 219, 221, 222, 224, 225], "summary": {"covered_lines": 9, "num_statements": 9, "percent_covered": 100.0, "percent_covered_display": "100", "missing_lines": 0, "excluded_lines": 0}, "missing_lines": [], "excluded_lines": []}, "MemoryCacheBackend._evict_entries": {"executed_lines": [], "summary": {"covered_lines": 0, "num_statements": 15, "percent_covered": 0.0, "percent_covered_display": "0", "missing_lines": 15, "excluded_lines": 0}, "missing_lines": [229, 231, 232, 234, 238, 239, 241, 242, 244, 248, 249, 250, 253, 257, 259], "excluded_lines": []}, "MemoryCacheBackend._update_stats": {"executed_lines": [263], "summary": {"covered_lines": 1, "num_statements": 1, "percent_covered": 100.0, "percent_covered_display": "100", "missing_lines": 0, "excluded_lines": 0}, "missing_lines": [], "excluded_lines": []}, "MemoryCacheBackend._estimate_size": {"executed_lines": [267, 268, 269, 270, 271, 272, 273], "summary": {"covered_lines": 7, "num_statements": 10, "percent_covered": 70.0, "percent_covered_display": "70", "missing_lines": 3, "excluded_lines": 0}, "missing_lines": [279, 280, 281], "excluded_lines": []}, "HierarchicalCacheManager.__init__": {"executed_lines": [288, 289, 290], "summary": {"covered_lines": 3, "num_statements": 3, "percent_covered": 100.0, "percent_covered_display": "100", "missing_lines": 0, "excluded_lines": 0}, "missing_lines": [], "excluded_lines": []}, "HierarchicalCacheManager.register_level": {"executed_lines": [294, 295], "summary": {"covered_lines": 2, "num_statements": 2, "percent_covered": 100.0, "percent_covered_display": "100", "missing_lines": 0, "excluded_lines": 0}, "missing_lines": [], "excluded_lines": []}, "HierarchicalCacheManager.register_key_generator": {"executed_lines": [299], "summary": {"covered_lines": 1, "num_statements": 1, "percent_covered": 100.0, "percent_covered_display": "100", "missing_lines": 0, "excluded_lines": 0}, "missing_lines": [], "excluded_lines": []}, "HierarchicalCacheManager.add_invalidation_rule": {"executed_lines": [303], "summary": {"covered_lines": 1, "num_statements": 1, "percent_covered": 100.0, "percent_covered_display": "100", "missing_lines": 0, "excluded_lines": 0}, "missing_lines": [], "excluded_lines": []}, "HierarchicalCacheManager.get": {"executed_lines": [311, 312, 314, 315, 318, 319, 321, 322, 325, 326, 328, 329], "summary": {"covered_lines": 12, "num_statements": 13, "percent_covered": 92.3076923076923, "percent_covered_display": "92", "missing_lines": 1, "excluded_lines": 0}, "missing_lines": [316], "excluded_lines": []}, "HierarchicalCacheManager.set": {"executed_lines": [340, 341, 343, 352, 353, 354, 357, 358, 362], "summary": {"covered_lines": 9, "num_statements": 12, "percent_covered": 75.0, "percent_covered_display": "75", "missing_lines": 3, "excluded_lines": 0}, "missing_lines": [355, 359, 360], "excluded_lines": []}, "HierarchicalCacheManager.delete": {"executed_lines": [], "summary": {"covered_lines": 0, "num_statements": 10, "percent_covered": 0.0, "percent_covered_display": "0", "missing_lines": 10, "excluded_lines": 0}, "missing_lines": [370, 371, 373, 374, 375, 376, 378, 379, 380, 382], "excluded_lines": []}, "HierarchicalCacheManager.invalidate_by_tags": {"executed_lines": [390, 391, 393, 394, 395, 398, 399, 400, 401, 402, 404], "summary": {"covered_lines": 11, "num_statements": 12, "percent_covered": 91.66666666666667, "percent_covered_display": "92", "missing_lines": 1, "excluded_lines": 0}, "missing_lines": [396], "excluded_lines": []}, "HierarchicalCacheManager.clear_all": {"executed_lines": [408, 409, 410], "summary": {"covered_lines": 3, "num_statements": 3, "percent_covered": 100.0, "percent_covered_display": "100", "missing_lines": 0, "excluded_lines": 0}, "missing_lines": [], "excluded_lines": []}, "HierarchicalCacheManager.get_comprehensive_stats": {"executed_lines": [414, 415, 416, 417], "summary": {"covered_lines": 4, "num_statements": 4, "percent_covered": 100.0, "percent_covered_display": "100", "missing_lines": 0, "excluded_lines": 0}, "missing_lines": [], "excluded_lines": []}, "HierarchicalCacheManager._promote_entry": {"executed_lines": [426, 432, 434, 435, 436, 438, 439], "summary": {"covered_lines": 7, "num_statements": 9, "percent_covered": 77.77777777777777, "percent_covered_display": "78", "missing_lines": 2, "excluded_lines": 0}, "missing_lines": [440, 441], "excluded_lines": []}, "cached": {"executed_lines": [467, 468, 494], "summary": {"covered_lines": 3, "num_statements": 3, "percent_covered": 100.0, "percent_covered_display": "100", "missing_lines": 0, "excluded_lines": 0}, "missing_lines": [], "excluded_lines": []}, "cached.decorator": {"executed_lines": [469, 493], "summary": {"covered_lines": 2, "num_statements": 2, "percent_covered": 100.0, "percent_covered_display": "100", "missing_lines": 0, "excluded_lines": 0}, "missing_lines": [], "excluded_lines": []}, "cached.decorator.wrapper": {"executed_lines": [471, 472, 477, 478, 479, 482, 483, 491], "summary": {"covered_lines": 8, "num_statements": 9, "percent_covered": 88.88888888888889, "percent_covered_display": "89", "missing_lines": 1, "excluded_lines": 0}, "missing_lines": [474], "excluded_lines": []}, "cache_invalidate": {"executed_lines": [500, 501, 513], "summary": {"covered_lines": 3, "num_statements": 3, "percent_covered": 100.0, "percent_covered_display": "100", "missing_lines": 0, "excluded_lines": 0}, "missing_lines": [], "excluded_lines": []}, "cache_invalidate.decorator": {"executed_lines": [502, 512], "summary": {"covered_lines": 2, "num_statements": 2, "percent_covered": 100.0, "percent_covered_display": "100", "missing_lines": 0, "excluded_lines": 0}, "missing_lines": [], "excluded_lines": []}, "cache_invalidate.decorator.wrapper": {"executed_lines": [], "summary": {"covered_lines": 0, "num_statements": 5, "percent_covered": 0.0, "percent_covered_display": "0", "missing_lines": 5, "excluded_lines": 0}, "missing_lines": [503, 506, 507, 508, 510], "excluded_lines": []}, "_generate_default_key": {"executed_lines": [], "summary": {"covered_lines": 0, "num_statements": 4, "percent_covered": 0.0, "percent_covered_display": "0", "missing_lines": 4, "excluded_lines": 0}, "missing_lines": [519, 526, 527, 529], "excluded_lines": []}, "campionato_cache_key": {"executed_lines": [535, 536], "summary": {"covered_lines": 2, "num_statements": 2, "percent_covered": 100.0, "percent_covered_display": "100", "missing_lines": 0, "excluded_lines": 0}, "missing_lines": [], "excluded_lines": []}, "user_cache_key": {"executed_lines": [], "summary": {"covered_lines": 0, "num_statements": 2, "percent_covered": 0.0, "percent_covered_display": "0", "missing_lines": 2, "excluded_lines": 0}, "missing_lines": [541, 542], "excluded_lines": []}, "gara_cache_key": {"executed_lines": [], "summary": {"covered_lines": 0, "num_statements": 2, "percent_covered": 0.0, "percent_covered_display": "0", "missing_lines": 2, "excluded_lines": 0}, "missing_lines": [547, 548], "excluded_lines": []}, "": {"executed_lines": [1, 7, 9, 10, 11, 12, 13, 14, 15, 16, 17, 18, 19, 20, 21, 24, 26, 29, 30, 31, 32, 33, 34, 35, 38, 39, 40, 41, 42, 45, 46, 47, 49, 50, 51, 52, 53, 54, 55, 56, 58, 59, 65, 66, 70, 76, 77, 78, 80, 81, 82, 83, 84, 86, 87, 92, 93, 98, 99, 101, 102, 106, 107, 111, 112, 116, 117, 121, 122, 126, 131, 132, 134, 147, 170, 189, 198, 204, 213, 227, 261, 265, 284, 285, 287, 292, 297, 301, 305, 331, 364, 384, 406, 412, 419, 445, 448, 453, 459, 497, 516, 533, 539, 545, 552, 553, 554, 557, 558, 559, 560], "summary": {"covered_lines": 103, "num_statements": 103, "percent_covered": 100.0, "percent_covered_display": "100", "missing_lines": 0, "excluded_lines": 0}, "missing_lines": [], "excluded_lines": []}}, "classes": {"CacheStrategy": {"executed_lines": [], "summary": {"covered_lines": 0, "num_statements": 0, "percent_covered": 100.0, "percent_covered_display": "100", "missing_lines": 0, "excluded_lines": 0}, "missing_lines": [], "excluded_lines": []}, "CacheLevel": {"executed_lines": [], "summary": {"covered_lines": 0, "num_statements": 0, "percent_covered": 100.0, "percent_covered_display": "100", "missing_lines": 0, "excluded_lines": 0}, "missing_lines": [], "excluded_lines": []}, "CacheEntry": {"executed_lines": [61, 63, 72, 73], "summary": {"covered_lines": 4, "num_statements": 6, "percent_covered": 66.66666666666667, "percent_covered_display": "67", "missing_lines": 2, "excluded_lines": 0}, "missing_lines": [62, 68], "excluded_lines": []}, "CacheStats": {"executed_lines": [], "summary": {"covered_lines": 0, "num_statements": 3, "percent_covered": 0.0, "percent_covered_display": "0", "missing_lines": 3, "excluded_lines": 0}, "missing_lines": [89, 90, 95], "excluded_lines": []}, "CacheBackend": {"executed_lines": [], "summary": {"covered_lines": 0, "num_statements": 6, "percent_covered": 0.0, "percent_covered_display": "0", "missing_lines": 6, "excluded_lines": 0}, "missing_lines": [104, 109, 114, 119, 124, 128], "excluded_lines": []}, "MemoryCacheBackend": {"executed_lines": [140, 141, 142, 143, 144, 145, 149, 150, 152, 153, 154, 156, 161, 162, 165, 166, 168, 172, 174, 175, 178, 182, 184, 185, 187, 200, 201, 202, 206, 207, 208, 211, 215, 216, 217, 218, 219, 221, 222, 224, 225, 263, 267, 268, 269, 270, 271, 272, 273], "summary": {"covered_lines": 49, "num_statements": 77, "percent_covered": 63.63636363636363, "percent_covered_display": "64", "missing_lines": 28, "excluded_lines": 0}, "missing_lines": [157, 158, 159, 179, 191, 192, 193, 194, 195, 196, 229, 231, 232, 234, 238, 239, 241, 242, 244, 248, 249, 250, 253, 257, 259, 279, 280, 281], "excluded_lines": []}, "HierarchicalCacheManager": {"executed_lines": [288, 289, 290, 294, 295, 299, 303, 311, 312, 314, 315, 318, 319, 321, 322, 325, 326, 328, 329, 340, 341, 343, 352, 353, 354, 357, 358, 362, 390, 391, 393, 394, 395, 398, 399, 400, 401, 402, 404, 408, 409, 410, 414, 415, 416, 417, 426, 432, 434, 435, 436, 438, 439], "summary": {"covered_lines": 53, "num_statements": 70, "percent_covered": 75.71428571428571, "percent_covered_display": "76", "missing_lines": 17, "excluded_lines": 0}, "missing_lines": [316, 355, 359, 360, 370, 371, 373, 374, 375, 376, 378, 379, 380, 382, 396, 440, 441], "excluded_lines": []}, "": {"executed_lines": [1, 7, 9, 10, 11, 12, 13, 14, 15, 16, 17, 18, 19, 20, 21, 24, 26, 29, 30, 31, 32, 33, 34, 35, 38, 39, 40, 41, 42, 45, 46, 47, 49, 50, 51, 52, 53, 54, 55, 56, 58, 59, 65, 66, 70, 76, 77, 78, 80, 81, 82, 83, 84, 86, 87, 92, 93, 98, 99, 101, 102, 106, 107, 111, 112, 116, 117, 121, 122, 126, 131, 132, 134, 147, 170, 189, 198, 204, 213, 227, 261, 265, 284, 285, 287, 292, 297, 301, 305, 331, 364, 384, 406, 412, 419, 445, 448, 453, 459, 467, 468, 469, 471, 472, 477, 478, 479, 482, 483, 491, 493, 494, 497, 500, 501, 502, 512, 513, 516, 533, 535, 536, 539, 545, 552, 553, 554, 557, 558, 559, 560], "summary": {"covered_lines": 123, "num_statements": 137, "percent_covered": 89.78102189781022, "percent_covered_display": "90", "missing_lines": 14, "excluded_lines": 0}, "missing_lines": [474, 503, 506, 507, 508, 510, 519, 526, 527, 529, 541, 542, 547, 548], "excluded_lines": []}}}, "models/challenge/__init__.py": {"executed_lines": [1, 7, 8, 10], "summary": {"covered_lines": 3, "num_statements": 3, "percent_covered": 100.0, "percent_covered_display": "100", "missing_lines": 0, "excluded_lines": 0}, "missing_lines": [], "excluded_lines": [], "functions": {"": {"executed_lines": [1, 7, 8, 10], "summary": {"covered_lines": 3, "num_statements": 3, "percent_covered": 100.0, "percent_covered_display": "100", "missing_lines": 0, "excluded_lines": 0}, "missing_lines": [], "excluded_lines": []}}, "classes": {"": {"executed_lines": [1, 7, 8, 10], "summary": {"covered_lines": 3, "num_statements": 3, "percent_covered": 100.0, "percent_covered_display": "100", "missing_lines": 0, "excluded_lines": 0}, "missing_lines": [], "excluded_lines": []}}}, "models/challenge/models.py": {"executed_lines": [1, 8, 10, 11, 13, 14, 16, 18, 22, 23, 25, 27, 28, 29, 30, 33, 34, 35, 38, 39, 42, 49, 56, 58, 97, 104, 109, 113, 114, 116, 118, 119, 120, 123, 124, 125, 126, 129, 132, 133, 136, 137, 138, 140, 142, 143, 145, 149, 151, 152, 153, 157, 159, 163, 164, 165, 167, 171, 172, 174, 176, 177, 178, 179, 182, 183, 186, 190], "summary": {"covered_lines": 61, "num_statements": 82, "percent_covered": 74.39024390243902, "percent_covered_display": "74", "missing_lines": 21, "excluded_lines": 6}, "missing_lines": [19, 60, 62, 63, 65, 66, 76, 77, 78, 79, 81, 82, 85, 86, 88, 99, 107, 146, 147, 155, 160], "excluded_lines": [109, 110, 167, 168, 190, 191], "functions": {"Challenge.get_statistics": {"executed_lines": [], "summary": {"covered_lines": 0, "num_statements": 14, "percent_covered": 0.0, "percent_covered_display": "0", "missing_lines": 14, "excluded_lines": 0}, "missing_lines": [60, 62, 63, 65, 66, 76, 77, 78, 79, 81, 82, 85, 86, 88], "excluded_lines": []}, "Challenge.get_user_best_attempt": {"executed_lines": [], "summary": {"covered_lines": 0, "num_statements": 1, "percent_covered": 0.0, "percent_covered_display": "0", "missing_lines": 1, "excluded_lines": 0}, "missing_lines": [99], "excluded_lines": []}, "Challenge.can_be_used_for_x_replacement": {"executed_lines": [], "summary": {"covered_lines": 0, "num_statements": 1, "percent_covered": 0.0, "percent_covered_display": "0", "missing_lines": 1, "excluded_lines": 0}, "missing_lines": [107], "excluded_lines": []}, "Challenge.__repr__": {"executed_lines": [], "summary": {"covered_lines": 0, "num_statements": 0, "percent_covered": 100.0, "percent_covered_display": "100", "missing_lines": 0, "excluded_lines": 1}, "missing_lines": [], "excluded_lines": [110]}, "ChallengeAttempt.complete_attempt": {"executed_lines": [142, 143, 145, 149, 151, 152, 153], "summary": {"covered_lines": 7, "num_statements": 10, "percent_covered": 70.0, "percent_covered_display": "70", "missing_lines": 3, "excluded_lines": 0}, "missing_lines": [146, 147, 155], "excluded_lines": []}, "ChallengeAttempt.get_rack_difference_equivalent": {"executed_lines": [159, 163, 164, 165], "summary": {"covered_lines": 4, "num_statements": 5, "percent_covered": 80.0, "percent_covered_display": "80", "missing_lines": 1, "excluded_lines": 0}, "missing_lines": [160], "excluded_lines": []}, "ChallengeAttempt.__repr__": {"executed_lines": [], "summary": {"covered_lines": 0, "num_statements": 0, "percent_covered": 100.0, "percent_covered_display": "100", "missing_lines": 0, "excluded_lines": 1}, "missing_lines": [], "excluded_lines": [168]}, "ChallengeFavorite.__repr__": {"executed_lines": [], "summary": {"covered_lines": 0, "num_statements": 0, "percent_covered": 100.0, "percent_covered_display": "100", "missing_lines": 0, "excluded_lines": 1}, "missing_lines": [], "excluded_lines": [191]}, "": {"executed_lines": [1, 8, 10, 11, 13, 14, 16, 18, 22, 23, 25, 27, 28, 29, 30, 33, 34, 35, 38, 39, 42, 49, 56, 58, 97, 104, 109, 113, 114, 116, 118, 119, 120, 123, 124, 125, 126, 129, 132, 133, 136, 137, 138, 140, 157, 167, 171, 172, 174, 176, 177, 178, 179, 182, 183, 186, 190], "summary": {"covered_lines": 50, "num_statements": 51, "percent_covered": 98.03921568627452, "percent_covered_display": "98", "missing_lines": 1, "excluded_lines": 3}, "missing_lines": [19], "excluded_lines": [109, 167, 190]}}, "classes": {"Challenge": {"executed_lines": [], "summary": {"covered_lines": 0, "num_statements": 16, "percent_covered": 0.0, "percent_covered_display": "0", "missing_lines": 16, "excluded_lines": 1}, "missing_lines": [60, 62, 63, 65, 66, 76, 77, 78, 79, 81, 82, 85, 86, 88, 99, 107], "excluded_lines": [110]}, "ChallengeAttempt": {"executed_lines": [142, 143, 145, 149, 151, 152, 153, 159, 163, 164, 165], "summary": {"covered_lines": 11, "num_statements": 15, "percent_covered": 73.33333333333333, "percent_covered_display": "73", "missing_lines": 4, "excluded_lines": 1}, "missing_lines": [146, 147, 155, 160], "excluded_lines": [168]}, "ChallengeFavorite": {"executed_lines": [], "summary": {"covered_lines": 0, "num_statements": 0, "percent_covered": 100.0, "percent_covered_display": "100", "missing_lines": 0, "excluded_lines": 1}, "missing_lines": [], "excluded_lines": [191]}, "": {"executed_lines": [1, 8, 10, 11, 13, 14, 16, 18, 22, 23, 25, 27, 28, 29, 30, 33, 34, 35, 38, 39, 42, 49, 56, 58, 97, 104, 109, 113, 114, 116, 118, 119, 120, 123, 124, 125, 126, 129, 132, 133, 136, 137, 138, 140, 157, 167, 171, 172, 174, 176, 177, 178, 179, 182, 183, 186, 190], "summary": {"covered_lines": 50, "num_statements": 51, "percent_covered": 98.03921568627452, "percent_covered_display": "98", "missing_lines": 1, "excluded_lines": 3}, "missing_lines": [19], "excluded_lines": [109, 167, 190]}}}, "models/challenge/services.py": {"executed_lines": [1, 7, 9, 10, 11, 13, 14, 17, 18, 20, 21, 45, 46, 50, 51, 55, 56, 80, 81, 85, 92, 93, 94, 96, 97, 116, 117, 134, 135, 138, 143, 144, 163, 164, 173, 179, 181, 188, 190, 191, 198, 199, 204, 207, 211, 213, 215, 216, 218, 221, 228, 229, 238, 241, 242, 243, 245, 247, 248, 259, 260, 267, 268, 293, 294], "summary": {"covered_lines": 63, "num_statements": 133, "percent_covered": 47.36842105263158, "percent_covered_display": "47", "missing_lines": 70, "excluded_lines": 0}, "missing_lines": [31, 41, 42, 43, 48, 53, 59, 62, 64, 67, 69, 72, 74, 104, 105, 106, 107, 109, 110, 111, 113, 114, 119, 124, 125, 126, 127, 129, 130, 131, 132, 147, 148, 149, 153, 156, 157, 158, 159, 161, 174, 175, 176, 177, 200, 201, 208, 250, 251, 262, 276, 277, 278, 279, 281, 282, 283, 284, 285, 286, 287, 288, 290, 291, 296, 297, 298, 299, 300, 301], "excluded_lines": [], "functions": {"ChallengeService.create_challenge": {"executed_lines": [], "summary": {"covered_lines": 0, "num_statements": 4, "percent_covered": 0.0, "percent_covered_display": "0", "missing_lines": 4, "excluded_lines": 0}, "missing_lines": [31, 41, 42, 43], "excluded_lines": []}, "ChallengeService.get_all_challenges": {"executed_lines": [], "summary": {"covered_lines": 0, "num_statements": 1, "percent_covered": 0.0, "percent_covered_display": "0", "missing_lines": 1, "excluded_lines": 0}, "missing_lines": [48], "excluded_lines": []}, "ChallengeService.get_active_challenges": {"executed_lines": [], "summary": {"covered_lines": 0, "num_statements": 1, "percent_covered": 0.0, "percent_covered_display": "0", "missing_lines": 1, "excluded_lines": 0}, "missing_lines": [53], "excluded_lines": []}, "ChallengeService.get_user_challenges": {"executed_lines": [], "summary": {"covered_lines": 0, "num_statements": 7, "percent_covered": 0.0, "percent_covered_display": "0", "missing_lines": 7, "excluded_lines": 0}, "missing_lines": [59, 62, 64, 67, 69, 72, 74], "excluded_lines": []}, "ChallengeService.start_challenge_attempt": {"executed_lines": [85, 92, 93, 94], "summary": {"covered_lines": 4, "num_statements": 4, "percent_covered": 100.0, "percent_covered_display": "100", "missing_lines": 0, "excluded_lines": 0}, "missing_lines": [], "excluded_lines": []}, "ChallengeService.complete_challenge_attempt": {"executed_lines": [], "summary": {"covered_lines": 0, "num_statements": 9, "percent_covered": 0.0, "percent_covered_display": "0", "missing_lines": 9, "excluded_lines": 0}, "missing_lines": [104, 105, 106, 107, 109, 110, 111, 113, 114], "excluded_lines": []}, "ChallengeService.toggle_favorite": {"executed_lines": [], "summary": {"covered_lines": 0, "num_statements": 9, "percent_covered": 0.0, "percent_covered_display": "0", "missing_lines": 9, "excluded_lines": 0}, "missing_lines": [119, 124, 125, 126, 127, 129, 130, 131, 132], "excluded_lines": []}, "ChallengeService.get_challenge_for_x_replacement": {"executed_lines": [138, 143, 144], "summary": {"covered_lines": 3, "num_statements": 12, "percent_covered": 25.0, "percent_covered_display": "25", "missing_lines": 9, "excluded_lines": 0}, "missing_lines": [147, 148, 149, 153, 156, 157, 158, 159, 161], "excluded_lines": []}, "ChallengeService.create_x_replacement_attempt": {"executed_lines": [173, 179, 181, 188], "summary": {"covered_lines": 4, "num_statements": 8, "percent_covered": 50.0, "percent_covered_display": "50", "missing_lines": 4, "excluded_lines": 0}, "missing_lines": [174, 175, 176, 177], "excluded_lines": []}, "ChallengeService.complete_x_replacement_attempt": {"executed_lines": [198, 199, 204, 207, 211, 213], "summary": {"covered_lines": 6, "num_statements": 9, "percent_covered": 66.66666666666667, "percent_covered_display": "67", "missing_lines": 3, "excluded_lines": 0}, "missing_lines": [200, 201, 208], "excluded_lines": []}, "ChallengeService._create_x_replacement_match_result": {"executed_lines": [218, 221, 228, 229, 238, 241, 242, 243, 245], "summary": {"covered_lines": 9, "num_statements": 9, "percent_covered": 100.0, "percent_covered_display": "100", "missing_lines": 0, "excluded_lines": 0}, "missing_lines": [], "excluded_lines": []}, "ChallengeService.get_admin_statistics": {"executed_lines": [], "summary": {"covered_lines": 0, "num_statements": 2, "percent_covered": 0.0, "percent_covered_display": "0", "missing_lines": 2, "excluded_lines": 0}, "missing_lines": [250, 251], "excluded_lines": []}, "ChallengeService.get_user_challenge_history": {"executed_lines": [], "summary": {"covered_lines": 0, "num_statements": 1, "percent_covered": 0.0, "percent_covered_display": "0", "missing_lines": 1, "excluded_lines": 0}, "missing_lines": [262], "excluded_lines": []}, "ChallengeService.update_challenge": {"executed_lines": [], "summary": {"covered_lines": 0, "num_statements": 14, "percent_covered": 0.0, "percent_covered_display": "0", "missing_lines": 14, "excluded_lines": 0}, "missing_lines": [276, 277, 278, 279, 281, 282, 283, 284, 285, 286, 287, 288, 290, 291], "excluded_lines": []}, "ChallengeService.delete_challenge": {"executed_lines": [], "summary": {"covered_lines": 0, "num_statements": 6, "percent_covered": 0.0, "percent_covered_display": "0", "missing_lines": 6, "excluded_lines": 0}, "missing_lines": [296, 297, 298, 299, 300, 301], "excluded_lines": []}, "": {"executed_lines": [1, 7, 9, 10, 11, 13, 14, 17, 18, 20, 21, 45, 46, 50, 51, 55, 56, 80, 81, 96, 97, 116, 117, 134, 135, 163, 164, 190, 191, 215, 216, 247, 248, 259, 260, 267, 268, 293, 294], "summary": {"covered_lines": 37, "num_statements": 37, "percent_covered": 100.0, "percent_covered_display": "100", "missing_lines": 0, "excluded_lines": 0}, "missing_lines": [], "excluded_lines": []}}, "classes": {"ChallengeService": {"executed_lines": [85, 92, 93, 94, 138, 143, 144, 173, 179, 181, 188, 198, 199, 204, 207, 211, 213, 218, 221, 228, 229, 238, 241, 242, 243, 245], "summary": {"covered_lines": 26, "num_statements": 96, "percent_covered": 27.083333333333332, "percent_covered_display": "27", "missing_lines": 70, "excluded_lines": 0}, "missing_lines": [31, 41, 42, 43, 48, 53, 59, 62, 64, 67, 69, 72, 74, 104, 105, 106, 107, 109, 110, 111, 113, 114, 119, 124, 125, 126, 127, 129, 130, 131, 132, 147, 148, 149, 153, 156, 157, 158, 159, 161, 174, 175, 176, 177, 200, 201, 208, 250, 251, 262, 276, 277, 278, 279, 281, 282, 283, 284, 285, 286, 287, 288, 290, 291, 296, 297, 298, 299, 300, 301], "excluded_lines": []}, "": {"executed_lines": [1, 7, 9, 10, 11, 13, 14, 17, 18, 20, 21, 45, 46, 50, 51, 55, 56, 80, 81, 96, 97, 116, 117, 134, 135, 163, 164, 190, 191, 215, 216, 247, 248, 259, 260, 267, 268, 293, 294], "summary": {"covered_lines": 37, "num_statements": 37, "percent_covered": 100.0, "percent_covered_display": "100", "missing_lines": 0, "excluded_lines": 0}, "missing_lines": [], "excluded_lines": []}}}, "models/classification/__init__.py": {"executed_lines": [1, 17, 20, 28, 29, 30], "summary": {"covered_lines": 5, "num_statements": 5, "percent_covered": 100.0, "percent_covered_display": "100", "missing_lines": 0, "excluded_lines": 0}, "missing_lines": [], "excluded_lines": [], "functions": {"": {"executed_lines": [1, 17, 20, 28, 29, 30], "summary": {"covered_lines": 5, "num_statements": 5, "percent_covered": 100.0, "percent_covered_display": "100", "missing_lines": 0, "excluded_lines": 0}, "missing_lines": [], "excluded_lines": []}}, "classes": {"": {"executed_lines": [1, 17, 20, 28, 29, 30], "summary": {"covered_lines": 5, "num_statements": 5, "percent_covered": 100.0, "percent_covered_display": "100", "missing_lines": 0, "excluded_lines": 0}, "missing_lines": [], "excluded_lines": []}}}, "models/classification/models.py": {"executed_lines": [1, 9, 10, 11, 14, 15, 22, 24, 25, 28, 29, 30, 31, 32, 35, 43, 45, 49, 50, 57, 59, 60, 63, 64, 67, 68, 69, 70, 73, 76, 84, 87, 93, 94, 201, 208, 209, 216, 218, 219, 222, 223, 224, 225, 228, 236, 239, 243, 253, 254, 275, 276, 302], "summary": {"covered_lines": 46, "num_statements": 85, "percent_covered": 54.11764705882353, "percent_covered_display": "54", "missing_lines": 39, "excluded_lines": 12}, "missing_lines": [108, 111, 119, 120, 122, 123, 128, 129, 136, 137, 139, 141, 142, 143, 144, 147, 148, 151, 161, 163, 168, 173, 179, 181, 182, 183, 184, 187, 196, 198, 199, 267, 269, 273, 290, 292, 298, 299, 300], "excluded_lines": [45, 46, 201, 202, 203, 204, 205, 302, 303, 304, 305, 306], "functions": {"Classification.__repr__": {"executed_lines": [], "summary": {"covered_lines": 0, "num_statements": 0, "percent_covered": 100.0, "percent_covered_display": "100", "missing_lines": 0, "excluded_lines": 1}, "missing_lines": [], "excluded_lines": [46]}, "RoundClassification.calculate_classification_after_round": {"executed_lines": [], "summary": {"covered_lines": 0, "num_statements": 31, "percent_covered": 0.0, "percent_covered_display": "0", "missing_lines": 31, "excluded_lines": 0}, "missing_lines": [108, 111, 119, 120, 122, 123, 128, 129, 136, 137, 139, 141, 142, 143, 144, 147, 148, 151, 161, 163, 168, 173, 179, 181, 182, 183, 184, 187, 196, 198, 199], "excluded_lines": []}, "RoundClassification.__repr__": {"executed_lines": [], "summary": {"covered_lines": 0, "num_statements": 0, "percent_covered": 100.0, "percent_covered_display": "100", "missing_lines": 0, "excluded_lines": 4}, "missing_lines": [], "excluded_lines": [202, 203, 204, 205]}, "PlayerEncounter.have_played": {"executed_lines": [], "summary": {"covered_lines": 0, "num_statements": 3, "percent_covered": 0.0, "percent_covered_display": "0", "missing_lines": 3, "excluded_lines": 0}, "missing_lines": [267, 269, 273], "excluded_lines": []}, "PlayerEncounter.record_encounter": {"executed_lines": [], "summary": {"covered_lines": 0, "num_statements": 5, "percent_covered": 0.0, "percent_covered_display": "0", "missing_lines": 5, "excluded_lines": 0}, "missing_lines": [290, 292, 298, 299, 300], "excluded_lines": []}, "PlayerEncounter.__repr__": {"executed_lines": [], "summary": {"covered_lines": 0, "num_statements": 0, "percent_covered": 100.0, "percent_covered_display": "100", "missing_lines": 0, "excluded_lines": 4}, "missing_lines": [], "excluded_lines": [303, 304, 305, 306]}, "": {"executed_lines": [1, 9, 10, 11, 14, 15, 22, 24, 25, 28, 29, 30, 31, 32, 35, 43, 45, 49, 50, 57, 59, 60, 63, 64, 67, 68, 69, 70, 73, 76, 84, 87, 93, 94, 201, 208, 209, 216, 218, 219, 222, 223, 224, 225, 228, 236, 239, 243, 253, 254, 275, 276, 302], "summary": {"covered_lines": 46, "num_statements": 46, "percent_covered": 100.0, "percent_covered_display": "100", "missing_lines": 0, "excluded_lines": 3}, "missing_lines": [], "excluded_lines": [45, 201, 302]}}, "classes": {"Classification": {"executed_lines": [], "summary": {"covered_lines": 0, "num_statements": 0, "percent_covered": 100.0, "percent_covered_display": "100", "missing_lines": 0, "excluded_lines": 1}, "missing_lines": [], "excluded_lines": [46]}, "RoundClassification": {"executed_lines": [], "summary": {"covered_lines": 0, "num_statements": 31, "percent_covered": 0.0, "percent_covered_display": "0", "missing_lines": 31, "excluded_lines": 4}, "missing_lines": [108, 111, 119, 120, 122, 123, 128, 129, 136, 137, 139, 141, 142, 143, 144, 147, 148, 151, 161, 163, 168, 173, 179, 181, 182, 183, 184, 187, 196, 198, 199], "excluded_lines": [202, 203, 204, 205]}, "PlayerEncounter": {"executed_lines": [], "summary": {"covered_lines": 0, "num_statements": 8, "percent_covered": 0.0, "percent_covered_display": "0", "missing_lines": 8, "excluded_lines": 4}, "missing_lines": [267, 269, 273, 290, 292, 298, 299, 300], "exclud
[...]
s": 0, "num_statements": 3, "percent_covered": 0.0, "percent_covered_display": "0", "missing_lines": 3, "excluded_lines": 0}, "missing_lines": [295, 296, 314], "excluded_lines": []}, "individual_match_player_required.decorated_function": {"executed_lines": [], "summary": {"covered_lines": 0, "num_statements": 11, "percent_covered": 0.0, "percent_covered_display": "0", "missing_lines": 11, "excluded_lines": 0}, "missing_lines": [297, 299, 300, 301, 304, 305, 306, 308, 309, 310, 312], "excluded_lines": []}, "rack_manager_required": {"executed_lines": [320, 321, 333], "summary": {"covered_lines": 3, "num_statements": 3, "percent_covered": 100.0, "percent_covered_display": "100", "missing_lines": 0, "excluded_lines": 0}, "missing_lines": [], "excluded_lines": []}, "rack_manager_required.decorated_function": {"executed_lines": [], "summary": {"covered_lines": 0, "num_statements": 6, "percent_covered": 0.0, "percent_covered_display": "0", "missing_lines": 6, "excluded_lines": 0}, "missing_lines": [322, 324, 325, 326, 328, 331], "excluded_lines": []}, "rack_manager_required.decorated_function._get_tid": {"executed_lines": [], "summary": {"covered_lines": 0, "num_statements": 1, "percent_covered": 0.0, "percent_covered_display": "0", "missing_lines": 1, "excluded_lines": 0}, "missing_lines": [329], "excluded_lines": []}, "trio_manager_required": {"executed_lines": [339, 340, 352], "summary": {"covered_lines": 3, "num_statements": 3, "percent_covered": 100.0, "percent_covered_display": "100", "missing_lines": 0, "excluded_lines": 0}, "missing_lines": [], "excluded_lines": []}, "trio_manager_required.decorated_function": {"executed_lines": [], "summary": {"covered_lines": 0, "num_statements": 6, "percent_covered": 0.0, "percent_covered_display": "0", "missing_lines": 6, "excluded_lines": 0}, "missing_lines": [341, 343, 344, 345, 347, 350], "excluded_lines": []}, "trio_manager_required.decorated_function._get_tid": {"executed_lines": [], "summary": {"covered_lines": 0, "num_statements": 1, "percent_covered": 0.0, "percent_covered_display": "0", "missing_lines": 1, "excluded_lines": 0}, "missing_lines": [348], "excluded_lines": []}, "create_round_matches": {"executed_lines": [], "summary": {"covered_lines": 0, "num_statements": 16, "percent_covered": 0.0, "percent_covered_display": "0", "missing_lines": 16, "excluded_lines": 0}, "missing_lines": [366, 368, 369, 371, 373, 375, 377, 379, 381, 390, 391, 393, 394, 400, 402, 403], "excluded_lines": []}, "calculate_round_classification": {"executed_lines": [], "summary": {"covered_lines": 0, "num_statements": 24, "percent_covered": 0.0, "percent_covered_display": "0", "missing_lines": 24, "excluded_lines": 0}, "missing_lines": [408, 410, 411, 413, 414, 415, 416, 421, 422, 424, 425, 426, 429, 437, 438, 439, 440, 441, 442, 444, 445, 446, 448, 456], "excluded_lines": []}, "create_default_users": {"executed_lines": [], "summary": {"covered_lines": 0, "num_statements": 10, "percent_covered": 0.0, "percent_covered_display": "0", "missing_lines": 10, "excluded_lines": 0}, "missing_lines": [464, 466, 467, 469, 470, 472, 473, 475, 476, 477], "excluded_lines": []}, "create_sample_campionato": {"executed_lines": [], "summary": {"covered_lines": 0, "num_statements": 17, "percent_covered": 0.0, "percent_covered_display": "0", "missing_lines": 17, "excluded_lines": 0}, "missing_lines": [482, 484, 492, 493, 495, 503, 504, 506, 508, 510, 527, 544, 561, 562, 563, 564, 565], "excluded_lines": []}, "create_admin_if_not_exists": {"executed_lines": [], "summary": {"covered_lines": 0, "num_statements": 18, "percent_covered": 0.0, "percent_covered_display": "0", "missing_lines": 18, "excluded_lines": 0}, "missing_lines": [578, 580, 581, 582, 583, 584, 586, 587, 592, 597, 598, 600, 602, 604, 609, 610, 611, 612], "excluded_lines": []}, "create_round_matches_amalfi_compatible": {"executed_lines": [], "summary": {"covered_lines": 0, "num_statements": 16, "percent_covered": 0.0, "percent_covered_display": "0", "missing_lines": 16, "excluded_lines": 0}, "missing_lines": [619, 621, 622, 624, 626, 628, 629, 630, 631, 641, 642, 644, 645, 652, 654, 655], "excluded_lines": []}, "": {"executed_lines": [1, 16, 17, 18, 20, 21, 22, 29, 34, 39, 44, 49, 50, 75, 93, 94, 96, 97, 100, 101, 104, 105, 108, 109, 112, 113, 116, 117, 126, 143, 168, 193, 219, 244, 267, 292, 317, 336, 364, 406, 462, 480, 568, 615], "summary": {"covered_lines": 42, "num_statements": 42, "percent_covered": 100.0, "percent_covered_display": "100", "missing_lines": 0, "excluded_lines": 0}, "missing_lines": [], "excluded_lines": []}}, "classes": {"UserPermissions": {"executed_lines": [98, 102, 106, 110, 114], "summary": {"covered_lines": 5, "num_statements": 8, "percent_covered": 62.5, "percent_covered_display": "62", "missing_lines": 3, "excluded_lines": 0}, "missing_lines": [118, 119, 120], "excluded_lines": []}, "": {"executed_lines": [1, 16, 17, 18, 20, 21, 22, 29, 31, 34, 36, 39, 44, 46, 49, 50, 51, 72, 75, 78, 79, 80, 81, 83, 85, 87, 93, 94, 96, 97, 100, 101, 104, 105, 108, 109, 112, 113, 116, 117, 126, 129, 130, 140, 143, 146, 147, 165, 168, 171, 172, 190, 193, 196, 197, 216, 219, 244, 247, 248, 264, 267, 270, 271, 289, 292, 317, 320, 321, 333, 336, 339, 340, 352, 364, 406, 462, 480, 568, 615], "summary": {"covered_lines": 78, "num_statements": 289, "percent_covered": 26.98961937716263, "percent_covered_display": "27", "missing_lines": 211, "excluded_lines": 0}, "missing_lines": [41, 52, 54, 55, 57, 58, 61, 62, 66, 67, 70, 82, 84, 131, 132, 137, 138, 148, 150, 151, 152, 155, 159, 160, 161, 163, 173, 175, 176, 177, 180, 181, 182, 184, 185, 186, 188, 198, 200, 201, 202, 205, 206, 207, 209, 210, 211, 212, 214, 222, 223, 224, 226, 227, 228, 231, 232, 233, 235, 236, 237, 239, 241, 249, 251, 252, 253, 256, 257, 258, 262, 272, 274, 275, 276, 279, 280, 281, 283, 284, 285, 287, 295, 296, 297, 299, 300, 301, 304, 305, 306, 308, 309, 310, 312, 314, 322, 324, 325, 326, 328, 329, 331, 341, 343, 344, 345, 347, 348, 350, 366, 368, 369, 371, 373, 375, 377, 379, 381, 390, 391, 393, 394, 400, 402, 403, 408, 410, 411, 413, 414, 415, 416, 421, 422, 424, 425, 426, 429, 437, 438, 439, 440, 441, 442, 444, 445, 446, 448, 456, 464, 466, 467, 469, 470, 472, 473, 475, 476, 477, 482, 484, 492, 493, 495, 503, 504, 506, 508, 510, 527, 544, 561, 562, 563, 564, 565, 578, 580, 581, 582, 583, 584, 586, 587, 592, 597, 598, 600, 602, 604, 609, 610, 611, 612, 619, 621, 622, 624, 626, 628, 629, 630, 631, 641, 642, 644, 645, 652, 654, 655], "excluded_lines": []}}}, "utils/database_utils.py": {"executed_lines": [1, 7, 10, 12, 13], "summary": {"covered_lines": 4, "num_statements": 6, "percent_covered": 66.66666666666667, "percent_covered_display": "67", "missing_lines": 2, "excluded_lines": 0}, "missing_lines": [20, 21], "excluded_lines": [], "functions": {"get_database_stats": {"executed_lines": [10, 12, 13], "summary": {"covered_lines": 3, "num_statements": 5, "percent_covered": 60.0, "percent_covered_display": "60", "missing_lines": 2, "excluded_lines": 0}, "missing_lines": [20, 21], "excluded_lines": []}, "": {"executed_lines": [1, 7], "summary": {"covered_lines": 1, "num_statements": 1, "percent_covered": 100.0, "percent_covered_display": "100", "missing_lines": 0, "excluded_lines": 0}, "missing_lines": [], "excluded_lines": []}}, "classes": {"": {"executed_lines": [1, 7, 10, 12, 13], "summary": {"covered_lines": 4, "num_statements": 6, "percent_covered": 66.66666666666667, "percent_covered_display": "67", "missing_lines": 2, "excluded_lines": 0}, "missing_lines": [20, 21], "excluded_lines": []}}}, "utils/encryption.py": {"executed_lines": [1, 7, 8, 9, 10, 11, 12, 15, 16, 18, 19, 20, 22, 23, 24, 25, 27, 28, 29, 30, 32, 35, 37, 40, 41, 44, 45, 47, 54, 55, 57, 59, 62, 65, 66, 68, 70, 73, 76, 77, 78, 79, 87, 90, 92, 95, 97], "summary": {"covered_lines": 45, "num_statements": 52, "percent_covered": 86.53846153846153, "percent_covered_display": "87", "missing_lines": 7, "excluded_lines": 0}, "missing_lines": [60, 63, 71, 74, 80, 82, 83], "excluded_lines": [], "functions": {"EncryptionManager.__new__": {"executed_lines": [23, 24, 25], "summary": {"covered_lines": 3, "num_statements": 3, "percent_covered": 100.0, "percent_covered_display": "100", "missing_lines": 0, "excluded_lines": 0}, "missing_lines": [], "excluded_lines": []}, "EncryptionManager.__init__": {"executed_lines": [28, 29, 30], "summary": {"covered_lines": 3, "num_statements": 3, "percent_covered": 100.0, "percent_covered_display": "100", "missing_lines": 0, "excluded_lines": 0}, "missing_lines": [], "excluded_lines": []}, "EncryptionManager._initialize_cipher": {"executed_lines": [35, 37, 40, 41, 44, 45, 47, 54, 55], "summary": {"covered_lines": 9, "num_statements": 9, "percent_covered": 100.0, "percent_covered_display": "100", "missing_lines": 0, "excluded_lines": 0}, "missing_lines": [], "excluded_lines": []}, "EncryptionManager.encrypt": {"executed_lines": [59, 62, 65, 66], "summary": {"covered_lines": 4, "num_statements": 6, "percent_covered": 66.66666666666667, "percent_covered_display": "67", "missing_lines": 2, "excluded_lines": 0}, "missing_lines": [60, 63], "excluded_lines": []}, "EncryptionManager.decrypt": {"executed_lines": [70, 73, 76, 77, 78, 79], "summary": {"covered_lines": 6, "num_statements": 11, "percent_covered": 54.54545454545455, "percent_covered_display": "55", "missing_lines": 5, "excluded_lines": 0}, "missing_lines": [71, 74, 80, 82, 83], "excluded_lines": []}, "encrypt_data": {"executed_lines": [92], "summary": {"covered_lines": 1, "num_statements": 1, "percent_covered": 100.0, "percent_covered_display": "100", "missing_lines": 0, "excluded_lines": 0}, "missing_lines": [], "excluded_lines": []}, "decrypt_data": {"executed_lines": [97], "summary": {"covered_lines": 1, "num_statements": 1, "percent_covered": 100.0, "percent_covered_display": "100", "missing_lines": 0, "excluded_lines": 0}, "missing_lines": [], "excluded_lines": []}, "": {"executed_lines": [1, 7, 8, 9, 10, 11, 12, 15, 16, 18, 19, 20, 22, 27, 32, 57, 68, 87, 90, 95], "summary": {"covered_lines": 18, "num_statements": 18, "percent_covered": 100.0, "percent_covered_display": "100", "missing_lines": 0, "excluded_lines": 0}, "missing_lines": [], "excluded_lines": []}}, "classes": {"EncryptionManager": {"executed_lines": [23, 24, 25, 28, 29, 30, 35, 37, 40, 41, 44, 45, 47, 54, 55, 59, 62, 65, 66, 70, 73, 76, 77, 78, 79], "summary": {"covered_lines": 25, "num_statements": 32, "percent_covered": 78.125, "percent_covered_display": "78", "missing_lines": 7, "excluded_lines": 0}, "missing_lines": [60, 63, 71, 74, 80, 82, 83], "excluded_lines": []}, "": {"executed_lines": [1, 7, 8, 9, 10, 11, 12, 15, 16, 18, 19, 20, 22, 27, 32, 57, 68, 87, 90, 92, 95, 97], "summary": {"covered_lines": 20, "num_statements": 20, "percent_covered": 100.0, "percent_covered_display": "100", "missing_lines": 0, "excluded_lines": 0}, "missing_lines": [], "excluded_lines": []}}}, "utils/jinja.py": {"executed_lines": [2, 5, 6, 7, 8, 9, 10], "summary": {"covered_lines": 7, "num_statements": 7, "percent_covered": 100.0, "percent_covered_display": "100", "missing_lines": 0, "excluded_lines": 0}, "missing_lines": [], "excluded_lines": [], "functions": {"display_user_handle": {"executed_lines": [6, 7, 8, 9, 10], "summary": {"covered_lines": 5, "num_statements": 5, "percent_covered": 100.0, "percent_covered_display": "100", "missing_lines": 0, "excluded_lines": 0}, "missing_lines": [], "excluded_lines": []}, "": {"executed_lines": [2, 5], "summary": {"covered_lines": 2, "num_statements": 2, "percent_covered": 100.0, "percent_covered_display": "100", "missing_lines": 0, "excluded_lines": 0}, "missing_lines": [], "excluded_lines": []}}, "classes": {"": {"executed_lines": [2, 5, 6, 7, 8, 9, 10], "summary": {"covered_lines": 7, "num_statements": 7, "percent_covered": 100.0, "percent_covered_display": "100", "missing_lines": 0, "excluded_lines": 0}, "missing_lines": [], "excluded_lines": []}}}, "utils/reset_data.py": {"executed_lines": [1, 7, 8, 10, 11, 13, 14, 15, 16, 17, 18, 19, 25, 26, 27, 28, 31, 32, 33, 34, 35, 36, 38, 39, 40, 41, 42, 45, 164, 166], "summary": {"covered_lines": 30, "num_statements": 66, "percent_covered": 45.45454545454545, "percent_covered_display": "45", "missing_lines": 36, "excluded_lines": 0}, "missing_lines": [48, 49, 50, 52, 53, 58, 59, 60, 61, 66, 71, 72, 74, 75, 78, 79, 80, 81, 84, 87, 88, 89, 90, 93, 104, 105, 108, 109, 118, 129, 134, 135, 138, 148, 149, 167], "excluded_lines": [], "functions": {"reset_database_enhanced": {"executed_lines": [26, 27, 28], "summary": {"covered_lines": 3, "num_statements": 3, "percent_covered": 100.0, "percent_covered_display": "100", "missing_lines": 0, "excluded_lines": 0}, "missing_lines": [], "excluded_lines": []}, "reset_database_enhanced_cli": {"executed_lines": [32, 33, 34, 35, 36, 38, 39, 40, 41, 42], "summary": {"covered_lines": 10, "num_statements": 10, "percent_covered": 100.0, "percent_covered_display": "100", "missing_lines": 0, "excluded_lines": 0}, "missing_lines": [], "excluded_lines": []}, "_reset_database_core": {"executed_lines": [], "summary": {"covered_lines": 0, "num_statements": 35, "percent_covered": 0.0, "percent_covered_display": "0", "missing_lines": 35, "excluded_lines": 0}, "missing_lines": [48, 49, 50, 52, 53, 58, 59, 60, 61, 66, 71, 72, 74, 75, 78, 79, 80, 81, 84, 87, 88, 89, 90, 93, 104, 105, 108, 109, 118, 129, 134, 135, 138, 148, 149], "excluded_lines": []}, "": {"executed_lines": [1, 7, 8, 10, 11, 13, 14, 15, 16, 17, 18, 19, 25, 31, 45, 164, 166], "summary": {"covered_lines": 17, "num_statements": 18, "percent_covered": 94.44444444444444, "percent_covered_display": "94", "missing_lines": 1, "excluded_lines": 0}, "missing_lines": [167], "excluded_lines": []}}, "classes": {"": {"executed_lines": [1, 7, 8, 10, 11, 13, 14, 15, 16, 17, 18, 19, 25, 26, 27, 28, 31, 32, 33, 34, 35, 36, 38, 39, 40, 41, 42, 45, 164, 166], "summary": {"covered_lines": 30, "num_statements": 66, "percent_covered": 45.45454545454545, "percent_covered_display": "45", "missing_lines": 36, "excluded_lines": 0}, "missing_lines": [48, 49, 50, 52, 53, 58, 59, 60, 61, 66, 71, 72, 74, 75, 78, 79, 80, 81, 84, 87, 88, 89, 90, 93, 104, 105, 108, 109, 118, 129, 134, 135, 138, 148, 149, 167], "excluded_lines": []}}}, "utils/status_ui.py": {"executed_lines": [1, 21, 23, 25, 28, 38, 39, 44, 45, 52, 53, 94, 95, 125, 126, 127, 128, 130, 131, 132, 138, 143, 144, 160, 161, 181, 183, 186, 187, 189, 191, 192, 201, 202, 203, 205, 207, 208, 216, 220, 225, 226, 227, 230, 231, 232, 235, 238, 239, 240, 243, 244, 245], "summary": {"covered_lines": 51, "num_statements": 109, "percent_covered": 46.788990825688074, "percent_covered_display": "47", "missing_lines": 58, "excluded_lines": 2}, "missing_lines": [56, 57, 60, 61, 62, 63, 64, 65, 66, 68, 70, 91, 97, 98, 99, 100, 101, 103, 104, 109, 110, 111, 112, 114, 120, 129, 145, 146, 147, 148, 149, 150, 155, 162, 163, 164, 165, 166, 167, 172, 184, 188, 190, 193, 194, 195, 196, 198, 204, 206, 209, 210, 211, 212, 213, 217, 221, 222], "excluded_lines": [40, 41], "functions": {"StatusPresenter.gara": {"executed_lines": [], "summary": {"covered_lines": 0, "num_statements": 12, "percent_covered": 0.0, "percent_covered_display": "0", "missing_lines": 12, "excluded_lines": 0}, "missing_lines": [56, 57, 60, 61, 62, 63, 64, 65, 66, 68, 70, 91], "excluded_lines": []}, "StatusPresenter.campionato": {"executed_lines": [], "summary": {"covered_lines": 0, "num_statements": 13, "percent_covered": 0.0, "percent_covered_display": "0", "missing_lines": 13, "excluded_lines": 0}, "missing_lines": [97, 98, 99, 100, 101, 103, 104, 109, 110, 111, 112, 114, 120], "excluded_lines": []}, "StatusPresenter.match": {"executed_lines": [127, 128, 130, 131, 132, 138], "summary": {"covered_lines": 6, "num_statements": 7, "percent_covered": 85.71428571428571, "percent_covered_display": "86", "missing_lines": 1, "excluded_lines": 0}, "missing_lines": [129], "excluded_lines": []}, "StatusPresenter.director_request": {"executed_lines": [], "summary": {"covered_lines": 0, "num_statements": 7, "percent_covered": 0.0, "percent_covered_display": "0", "missing_lines": 7, "excluded_lines": 0}, "missing_lines": [145, 146, 147, 148, 149, 150, 155], "excluded_lines": []}, "StatusPresenter.playoff_confirmation": {"executed_lines": [], "summary": {"covered_lines": 0, "num_statements": 7, "percent_covered": 0.0, "percent_covered_display": "0", "missing_lines": 7, "excluded_lines": 0}, "missing_lines": [162, 163, 164, 165, 166, 167, 172], "excluded_lines": []}, "_resolve_kind": {"executed_lines": [183, 186, 187, 189, 191, 192], "summary": {"covered_lines": 6, "num_statements": 14, "percent_covered": 42.857142857142854, "percent_covered_display": "43", "missing_lines": 8, "excluded_lines": 0}, "missing_lines": [184, 188, 190, 193, 194, 195, 196, 198], "excluded_lines": []}, "_present": {"executed_lines": [202, 203, 205, 207, 208], "summary": {"covered_lines": 5, "num_statements": 12, "percent_covered": 41.666666666666664, "percent_covered_display": "42", "missing_lines": 7, "excluded_lines": 0}, "missing_lines": [204, 206, 209, 210, 211, 212, 213], "excluded_lines": []}, "_badge_html": {"executed_lines": [], "summary": {"covered_lines": 0, "num_statements": 1, "percent_covered": 0.0, "percent_covered_display": "0", "missing_lines": 1, "excluded_lines": 0}, "missing_lines": [217], "excluded_lines": []}, "filter_status_badge": {"executed_lines": [], "summary": {"covered_lines": 0, "num_statements": 2, "percent_covered": 0.0, "percent_covered_display": "0", "missing_lines": 2, "excluded_lines": 0}, "missing_lines": [221, 222], "excluded_lines": []}, "filter_status_badge_class": {"executed_lines": [226, 227], "summary": {"covered_lines": 2, "num_statements": 2, "percent_covered": 100.0, "percent_covered_display": "100", "missing_lines": 0, "excluded_lines": 0}, "missing_lines": [], "excluded_lines": []}, "filter_status_text": {"executed_lines": [231, 232], "summary": {"covered_lines": 2, "num_statements": 2, "percent_covered": 100.0, "percent_covered_display": "100", "missing_lines": 0, "excluded_lines": 0}, "missing_lines": [], "excluded_lines": []}, "register_status_filters": {"executed_lines": [238, 239, 240, 243, 244, 245], "summary": {"covered_lines": 6, "num_statements": 6, "percent_covered": 100.0, "percent_covered_display": "100", "missing_lines": 0, "excluded_lines": 0}, "missing_lines": [], "excluded_lines": []}, "": {"executed_lines": [1, 21, 23, 25, 28, 38, 39, 44, 45, 52, 53, 94, 95, 125, 126, 143, 144, 160, 161, 181, 201, 216, 220, 225, 230, 235], "summary": {"covered_lines": 24, "num_statements": 24, "percent_covered": 100.0, "percent_covered_display": "100", "missing_lines": 0, "excluded_lines": 2}, "missing_lines": [], "excluded_lines": [40, 41]}}, "classes": {"StatusPresenter": {"executed_lines": [127, 128, 130, 131, 132, 138], "summary": {"covered_lines": 6, "num_statements": 46, "percent_covered": 13.043478260869565, "percent_covered_display": "13", "missing_lines": 40, "excluded_lines": 0}, "missing_lines": [56, 57, 60, 61, 62, 63, 64, 65, 66, 68, 70, 91, 97, 98, 99, 100, 101, 103, 104, 109, 110, 111, 112, 114, 120, 129, 145, 146, 147, 148, 149, 150, 155, 162, 163, 164, 165, 166, 167, 172], "excluded_lines": []}, "": {"executed_lines": [1, 21, 23, 25, 28, 38, 39, 44, 45, 52, 53, 94, 95, 125, 126, 143, 144, 160, 161, 181, 183, 186, 187, 189, 191, 192, 201, 202, 203, 205, 207, 208, 216, 220, 225, 226, 227, 230, 231, 232, 235, 238, 239, 240, 243, 244, 245], "summary": {"covered_lines": 45, "num_statements": 63, "percent_covered": 71.42857142857143, "percent_covered_display": "71", "missing_lines": 18, "excluded_lines": 2}, "missing_lines": [184, 188, 190, 193, 194, 195, 196, 198, 204, 206, 209, 210, 211, 212, 213, 217, 221, 222], "excluded_lines": [40, 41]}}}}, "totals": {"covered_lines": 9245, "num_statements": 14577, "percent_covered": 63.42182890855457, "percent_covered_display": "63", "missing_lines": 5332, "excluded_lines": 109}}